C:\jada\src\jadalib\Debug\cl.command.1.tlog
C:\jada\src\jadalib\Debug\CL.read.1.tlog
C:\jada\src\jadalib\Debug\CL.write.1.tlog
C:\JADA\SRC\JADALIB\DEBUG\COMMON.OBJ
C:\JADA\SRC\JADALIB\DEBUG\COMMUNICATION.OBJ
C:\JADA\SRC\JADALIB\DEBUG\DLL.OBJ
C:\jada\src\jadalib\Debug\JADA library.write.1.tlog
C:\jada\src\jadalib\Debug\jadalib.vcxprojResolveAssemblyReference.cache
C:\JADA\SRC\JADALIB\DEBUG\LIBCONNECTION.OBJ
C:\JADA\SRC\JADALIB\DEBUG\LIBDRAW.OBJ
C:\JADA\SRC\JADALIB\DEBUG\LIBEVENT.OBJ
C:\JADA\SRC\JADALIB\DEBUG\LIBFRAME.OBJ
C:\JADA\SRC\JADALIB\DEBUG\LIBPROCESS.OBJ
C:\JADA\SRC\JADALIB\DEBUG\LIBSESS-FTP.OBJ
C:\JADA\SRC\JADALIB\DEBUG\LIBSESS-MEDIA.OBJ
C:\JADA\SRC\JADALIB\DEBUG\LIBSESS-SUPPORT.OBJ
C:\JADA\SRC\JADALIB\DEBUG\LIBSESS-VNC.OBJ
C:\JADA\SRC\JADALIB\DEBUG\LIBSTREAM.OBJ
C:\JADA\SRC\JADALIB\DEBUG\LIST.OBJ
C:\JADA\SRC\JADALIB\DEBUG\MESSAGE.OBJ
C:\jada\src\jadalib\Debug\vc100.idb
C:\JADA\SRC\JADALIB\DEBUG\VC100.PDB
