.\dbg\jadamanager.pdb
C:\jada\src\manager\.\dbg\jadamanager.exe
C:\jada\src\manager\.\dbg\jadamanager.exe.intermediate.manifest
C:\jada\src\manager\dbg\BscMake.command.1.tlog
C:\jada\src\manager\dbg\bscmake.read.1.tlog
C:\jada\src\manager\dbg\bscmake.write.1.tlog
C:\JADA\SRC\MANAGER\DBG\CALLBACK.OBJ
C:\JADA\SRC\MANAGER\DBG\CALLBACK.SBR
C:\jada\src\manager\dbg\cl.command.1.tlog
C:\jada\src\manager\dbg\CL.read.1.tlog
C:\jada\src\manager\dbg\CL.write.1.tlog
C:\jada\src\manager\dbg\JADA manager program.write.1.tlog
C:\JADA\SRC\MANAGER\DBG\JADAMANAGER.EXE
C:\JADA\SRC\MANAGER\DBG\JADAMANAGER.EXE.INTERMEDIATE.MANIFEST
C:\JADA\SRC\MANAGER\DBG\JADAMANAGER.PDB
C:\jada\src\manager\dbg\link.command.1.tlog
C:\jada\src\manager\dbg\link.read.1.tlog
C:\jada\src\manager\dbg\link.write.1.tlog
C:\JADA\SRC\MANAGER\DBG\MAIN.OBJ
C:\JADA\SRC\MANAGER\DBG\MAIN.SBR
C:\JADA\SRC\MANAGER\DBG\MANAGER.BSC
C:\jada\src\manager\dbg\mt.command.1.tlog
C:\jada\src\manager\dbg\mt.read.1.tlog
C:\jada\src\manager\dbg\mt.write.1.tlog
C:\JADA\SRC\MANAGER\DBG\THREAD.OBJ
C:\JADA\SRC\MANAGER\DBG\THREAD.SBR
C:\jada\src\manager\dbg\vc100.idb
C:\JADA\SRC\MANAGER\DBG\VC100.PDB
