*************************************************
06/01/2017 17:23:23: Processo manager attivato su RALESCHUW1
06/01/2017 17:23:23: Aggiornato parametro: postazione:tipo OS * Windows
06/01/2017 17:23:23: Aggiornato parametro: postazione:IP * 192.168.93.128
06/01/2017 17:23:57: Aggiornato parametro: connessione:nome * Lello Leschiera
06/01/2017 17:23:57: Aggiornato parametro: connessione:username * rleschiera
06/01/2017 17:23:57: Aggiornato parametro: connessione:password * ITxyR05mjcY4lp+/V6ArPA==
06/01/2017 17:23:57: Aggiornato parametro: connessione:telefono * 0816103734
06/01/2017 17:23:57: Aggiornato parametro: connessione:mail * raffaello.leschiera@eng.it
06/01/2017 17:23:57: Aggiornato parametro: connessione:coda * HR
06/01/2017 17:23:57: Aggiornamento di contatori: totali 2/5, pending 2/5

06/01/2017 17:24:14: Aggiornamento di contatori: totali 3/6, pending 3/6

06/01/2017 17:24:53: Processo terminato
*************************************************
06/01/2017 17:25:05: Processo manager attivato su RALESCHUW1
06/01/2017 17:25:05: Aggiornato parametro: postazione:tipo OS * Windows
06/01/2017 17:25:05: Aggiornato parametro: postazione:IP * 192.168.93.128
06/01/2017 17:25:09: Aggiornato parametro: connessione:nome * Lello Leschiera
06/01/2017 17:25:09: Aggiornato parametro: connessione:username * rleschiera
06/01/2017 17:25:09: Aggiornato parametro: connessione:password * ITxyR05mjcY4lp+/V6ArPA==
06/01/2017 17:25:09: Aggiornato parametro: connessione:telefono * 0816103734
06/01/2017 17:25:09: Aggiornato parametro: connessione:mail * raffaello.leschiera@eng.it
06/01/2017 17:25:09: Aggiornato parametro: connessione:coda * HR
06/01/2017 17:25:09: Aggiornamento di contatori: totali 2/5, pending 2/5

06/01/2017 17:25:30: Aggiornamento di contatori: totali 3/6, pending 3/6

06/01/2017 17:25:40: Aggiornato parametro: richiesta:password * 1234
06/01/2017 17:25:40: Aggiornato parametro: richiesta:partner * Gigi Cliente
06/01/2017 17:25:40: Aggiornato parametro: richiesta:cliente * ISS
06/01/2017 17:25:40: Aggiornato parametro: richiesta:telefono * 012345678
06/01/2017 17:25:40: Aggiornato parametro: richiesta:cellulare * 2233333
06/01/2017 17:25:40: Aggiornato parametro: richiesta:mail * gigi.cliente@gmail.com
06/01/2017 17:25:40: Aggiornato parametro: richiesta:audio * 1
06/01/2017 17:25:40: Aggiornato parametro: richiesta:coda * HR
06/01/2017 17:25:40: Aggiornato parametro: richiesta:descrizione * Ho sufficienti informazioni base per poter proseguire...
06/01/2017 17:25:40: PING: 46 msecs
06/01/2017 17:25:41: Aggiornamento di contatori: totali 2/5, pending 2/5

06/01/2017 17:25:41: Aggiornamento di contatori: totali 2/5, pending 2/5

06/01/2017 17:25:50: PING: 0 msecs
06/01/2017 17:26:00: PING: 0 msecs
06/01/2017 17:26:10: PING: 0 msecs
06/01/2017 17:26:20: PING: 0 msecs
06/01/2017 17:26:30: PING: 0 msecs
06/01/2017 17:26:40: PING: 0 msecs
06/01/2017 17:26:50: PING: 0 msecs
06/01/2017 17:27:00: PING: 0 msecs
06/01/2017 17:27:10: PING: 0 msecs
06/01/2017 17:27:20: PING: 0 msecs
06/01/2017 17:27:30: PING: 0 msecs
06/01/2017 17:27:40: PING: 0 msecs
06/01/2017 17:27:50: PING: 0 msecs
06/01/2017 17:28:00: PING: 0 msecs
06/01/2017 17:28:10: PING: 0 msecs
06/01/2017 17:28:20: PING: 0 msecs
06/01/2017 17:28:30: PING: 0 msecs
06/01/2017 17:28:40: PING: 0 msecs
06/01/2017 17:28:50: PING: 0 msecs
06/01/2017 17:29:00: PING: 0 msecs
06/01/2017 17:29:11: PING: 0 msecs
06/01/2017 17:29:21: PING: 0 msecs
06/01/2017 17:29:31: PING: 0 msecs
06/01/2017 17:29:41: PING: 0 msecs
06/01/2017 17:29:51: PING: 0 msecs
06/01/2017 17:30:01: PING: 0 msecs
06/01/2017 17:30:11: PING: 0 msecs
06/01/2017 17:30:21: PING: 0 msecs
06/01/2017 17:30:31: PING: 0 msecs
06/01/2017 17:30:41: PING: 0 msecs
06/01/2017 17:30:51: PING: 0 msecs
06/01/2017 17:31:01: PING: 0 msecs
06/01/2017 17:31:11: PING: 0 msecs
06/01/2017 17:31:21: PING: 0 msecs
06/01/2017 17:31:31: PING: 0 msecs
06/01/2017 17:31:41: PING: 0 msecs
06/01/2017 17:31:51: PING: 0 msecs
06/01/2017 17:32:01: PING: 0 msecs
06/01/2017 17:32:11: PING: 0 msecs
06/01/2017 17:32:21: PING: 0 msecs
06/01/2017 17:32:31: PING: 0 msecs
06/01/2017 17:32:41: PING: 0 msecs
06/01/2017 17:32:51: PING: 0 msecs
06/01/2017 17:33:01: PING: 0 msecs
06/01/2017 17:33:12: PING: 0 msecs
06/01/2017 17:33:22: PING: 0 msecs
06/01/2017 17:33:32: PING: 0 msecs
06/01/2017 17:33:42: PING: 0 msecs
06/01/2017 17:33:52: PING: 0 msecs
06/01/2017 17:34:02: PING: 0 msecs
06/01/2017 17:34:12: PING: 0 msecs
06/01/2017 17:34:22: PING: 0 msecs
06/01/2017 17:34:32: PING: 0 msecs
06/01/2017 17:34:42: PING: 0 msecs
06/01/2017 17:34:52: PING: 0 msecs
06/01/2017 17:35:02: PING: 0 msecs
06/01/2017 17:35:12: PING: 0 msecs
06/01/2017 17:35:22: PING: 0 msecs
06/01/2017 17:35:32: PING: 0 msecs
06/01/2017 17:35:42: PING: 0 msecs
06/01/2017 17:35:52: PING: 0 msecs
06/01/2017 17:36:02: PING: 0 msecs
06/01/2017 17:36:12: PING: 0 msecs
06/01/2017 17:36:21: c:\jada\src\jadalib\libthread.c, 393: Il sender thread e' stato terminato
06/01/2017 17:36:21: Processo terminato
*************************************************
06/01/2017 17:36:45: Processo manager attivato su RALESCHUW1
06/01/2017 17:36:45: Aggiornato parametro: postazione:tipo OS * Windows
06/01/2017 17:36:45: Aggiornato parametro: postazione:IP * 192.168.93.128
06/01/2017 17:36:46: Aggiornato parametro: connessione:nome * Lello Leschiera
06/01/2017 17:36:46: Aggiornato parametro: connessione:username * rleschiera
06/01/2017 17:36:46: Aggiornato parametro: connessione:password * ITxyR05mjcY4lp+/V6ArPA==
06/01/2017 17:36:46: Aggiornato parametro: connessione:telefono * 0816103734
06/01/2017 17:36:46: Aggiornato parametro: connessione:mail * raffaello.leschiera@eng.it
06/01/2017 17:36:46: Aggiornato parametro: connessione:coda * HR
06/01/2017 17:36:46: Aggiornamento di contatori: totali 2/5, pending 2/5

06/01/2017 17:36:52: Aggiornamento di contatori: totali 3/6, pending 3/6

06/01/2017 17:36:58: Aggiornato parametro: richiesta:password * 1234
06/01/2017 17:36:58: Aggiornato parametro: richiesta:partner * Gigi Cliente
06/01/2017 17:36:58: Aggiornato parametro: richiesta:cliente * ISS
06/01/2017 17:36:58: Aggiornato parametro: richiesta:telefono * 012345678
06/01/2017 17:36:58: Aggiornato parametro: richiesta:cellulare * 2233333
06/01/2017 17:36:58: Aggiornato parametro: richiesta:mail * gigi.cliente@gmail.com
06/01/2017 17:36:58: Aggiornato parametro: richiesta:audio * 1
06/01/2017 17:36:58: Aggiornato parametro: richiesta:coda * HR
06/01/2017 17:36:58: Aggiornato parametro: richiesta:descrizione * Ho sufficienti informazioni base per poter proseguire...
06/01/2017 17:36:59: PING: 62 msecs
06/01/2017 17:37:03: Aggiornamento di contatori: totali 2/5, pending 2/5

06/01/2017 17:37:03: Aggiornamento di contatori: totali 2/5, pending 2/5

06/01/2017 17:37:09: PING: 0 msecs
06/01/2017 17:37:19: PING: 0 msecs
06/01/2017 17:37:29: PING: 0 msecs
06/01/2017 17:37:39: PING: 0 msecs
06/01/2017 17:37:43: Processo terminato
*************************************************
08/01/2017 11:05:00: Processo manager attivato su RALESCHUW1
08/01/2017 11:05:02: Processo terminato
*************************************************
08/01/2017 17:17:16: Processo manager attivato su RALESCHUW1
08/01/2017 17:17:16: ***** Evento ricevuto: JADA_EVT_CONNECTION_CONNECTED
08/01/2017 17:17:16:       La connessione 0 e' stata connessa il 08/01/2017 17:17:16
08/01/2017 17:17:16:       Premi Invio per fare refresh...
08/01/2017 17:17:16: Connessione terminata correttamente.
08/01/2017 17:17:16: ***** Evento ricevuto: JADA_EVT_CONNECTION_OPENED
08/01/2017 17:17:16:       La connessione 0 e' stata aperta il 08/01/2017 17:17:16
08/01/2017 17:17:16:       Premi Invio per fare refresh...
08/01/2017 17:17:49: Processo terminato
08/01/2017 17:17:50: Processo terminato
*************************************************
08/01/2017 17:18:53: Processo manager attivato su RALESCHUW1
08/01/2017 17:18:53: ***** Evento ricevuto: JADA_EVT_CONNECTION_CONNECTED
08/01/2017 17:18:53:       La connessione 0 e' stata connessa il 08/01/2017 17:18:53
08/01/2017 17:18:53:       Premi Invio per fare refresh...
08/01/2017 17:18:53: Connessione terminata correttamente.
08/01/2017 17:18:53: ***** Evento ricevuto: JADA_EVT_CONNECTION_OPENED
08/01/2017 17:18:53:       La connessione 0 e' stata aperta il 08/01/2017 17:18:53
08/01/2017 17:18:53:       Premi Invio per fare refresh...
08/01/2017 17:19:02: Processo terminato
08/01/2017 17:19:02: Processo terminato
*************************************************
08/01/2017 17:19:32: Processo manager attivato su RALESCHUW1
08/01/2017 17:19:32: ***** Evento ricevuto: JADA_EVT_CONNECTION_CONNECTED
08/01/2017 17:19:32:       La connessione 0 e' stata connessa il 08/01/2017 17:19:32
08/01/2017 17:19:32:       Premi Invio per fare refresh...
08/01/2017 17:19:32: Connessione terminata correttamente.
08/01/2017 17:19:32: ***** Evento ricevuto: JADA_EVT_CONNECTION_OPENED
08/01/2017 17:19:32:       La connessione 0 e' stata aperta il 08/01/2017 17:19:32
08/01/2017 17:19:32:       Premi Invio per fare refresh...
08/01/2017 17:30:29: c:\jada\src\jadalib\libtcp.c, 707: errore in fase di lettura del messaggio
08/01/2017 17:30:29: c:\jada\src\jadalib\libthread.c, 430: Errore generico
08/01/2017 17:30:30: ConnectionSenderThread e' stato chiuso.
08/01/2017 17:30:30: ConnectionReceiverThread e' stato chiuso.
08/01/2017 17:30:30: ***** Evento ricevuto: JADA_EVT_CONNECTION_CLOSED
08/01/2017 17:30:30:       Evento non previsto (JADA_EVT_CONNECTION_CLOSED)
08/01/2017 17:30:30:       Premi Invio per fare refresh...
08/01/2017 17:30:33: Processo terminato
08/01/2017 17:30:33: Processo terminato
*************************************************
08/01/2017 17:31:00: Processo manager attivato su RALESCHUW1
08/01/2017 17:31:00: ***** Evento ricevuto: JADA_EVT_CONNECTION_CONNECTED
08/01/2017 17:31:00:       La connessione 0 e' stata connessa il 08/01/2017 17:31:00
08/01/2017 17:31:00:       Premi Invio per fare refresh...
08/01/2017 17:31:00: Connessione terminata correttamente.
08/01/2017 17:31:00: ***** Evento ricevuto: JADA_EVT_CONNECTION_OPENED
08/01/2017 17:31:00:       La connessione 0 e' stata aperta il 08/01/2017 17:31:00
08/01/2017 17:31:00:       Premi Invio per fare refresh...
08/01/2017 17:31:17: c:\jada\src\jadalib\libtcp.c, 707: errore in fase di lettura del messaggio
08/01/2017 17:31:17: c:\jada\src\jadalib\libthread.c, 430: Errore generico
08/01/2017 17:31:20: ConnectionSenderThread e' stato chiuso.
08/01/2017 17:31:20: ConnectionReceiverThread e' stato chiuso.
08/01/2017 17:31:20: ***** Evento ricevuto: JADA_EVT_CONNECTION_CLOSED
08/01/2017 17:31:20:       Evento non previsto (JADA_EVT_CONNECTION_CLOSED)
08/01/2017 17:31:20:       Premi Invio per fare refresh...
08/01/2017 17:31:25: Processo terminato
08/01/2017 17:31:25: Processo terminato
*************************************************
08/01/2017 17:31:30: Processo manager attivato su RALESCHUW1
08/01/2017 17:31:30: ***** Evento ricevuto: JADA_EVT_CONNECTION_CONNECTED
08/01/2017 17:31:30:       La connessione 0 e' stata connessa il 08/01/2017 17:31:30
08/01/2017 17:31:30:       Premi Invio per fare refresh...
08/01/2017 17:31:30: Connessione terminata correttamente.
08/01/2017 17:31:30: ***** Evento ricevuto: JADA_EVT_CONNECTION_OPENED
08/01/2017 17:31:30:       La connessione 0 e' stata aperta il 08/01/2017 17:31:30
08/01/2017 17:31:30:       Premi Invio per fare refresh...
08/01/2017 17:32:43: c:\jada\src\jadalib\libtcp.c, 707: errore in fase di lettura del messaggio
08/01/2017 17:32:43: c:\jada\src\jadalib\libthread.c, 430: Errore generico
08/01/2017 17:32:45: ConnectionSenderThread e' stato chiuso.
08/01/2017 17:32:46: ConnectionReceiverThread e' stato chiuso.
08/01/2017 17:32:46: ***** Evento ricevuto: JADA_EVT_CONNECTION_CLOSED
08/01/2017 17:32:46:       Evento non previsto (JADA_EVT_CONNECTION_CLOSED)
08/01/2017 17:32:46:       Premi Invio per fare refresh...
08/01/2017 17:32:47: Processo terminato
08/01/2017 17:32:47: Processo terminato
*************************************************
08/01/2017 17:32:56: Processo manager attivato su RALESCHUW1
08/01/2017 17:32:56: ***** Evento ricevuto: JADA_EVT_CONNECTION_CONNECTED
08/01/2017 17:32:56:       La connessione 0 e' stata connessa il 08/01/2017 17:32:56
08/01/2017 17:32:56:       Premi Invio per fare refresh...
08/01/2017 17:32:56: Connessione terminata correttamente.
08/01/2017 17:32:56: ***** Evento ricevuto: JADA_EVT_CONNECTION_OPENED
08/01/2017 17:32:56:       La connessione 0 e' stata aperta il 08/01/2017 17:32:56
08/01/2017 17:32:56:       Premi Invio per fare refresh...
08/01/2017 17:33:13: ***** Evento ricevuto: JADA_EVT_LIST_COUNTERS
08/01/2017 17:33:13:       Ci sono attualmente 0 richieste in coda (0 totali), 2 richieste pendenti (5 totali).
08/01/2017 17:33:13:       Premi Invio per fare refresh...
08/01/2017 17:34:00: ***** Evento ricevuto: JADA_EVT_LIST_COUNTERS
08/01/2017 17:34:00:       Ci sono attualmente 0 richieste in coda (0 totali), 2 richieste pendenti (5 totali).
08/01/2017 17:34:00:       Premi Invio per fare refresh...
08/01/2017 17:34:09: c:\jada\src\jadalib\libstream.c, 95: il self non e' FRAME
08/01/2017 17:34:09: c:\jada\src\jadalib\libhandler.c, 1935: errore nella lettura del payload
08/01/2017 17:34:09: c:\jada\src\jadalib\libthread.c, 54: errore generico
08/01/2017 17:34:09: c:\jada\src\jadalib\libthread.c, 440: Errore generico
08/01/2017 17:34:32: Processo terminato
08/01/2017 17:34:32: Processo terminato
*************************************************
08/01/2017 17:34:56: Processo manager attivato su RALESCHUW1
08/01/2017 17:34:57: ***** Evento ricevuto: JADA_EVT_CONNECTION_CONNECTED
08/01/2017 17:34:57:       La connessione 0 e' stata connessa il 08/01/2017 17:34:57
08/01/2017 17:34:57:       Premi Invio per fare refresh...
08/01/2017 17:34:57: Connessione terminata correttamente.
08/01/2017 17:34:57: ***** Evento ricevuto: JADA_EVT_CONNECTION_OPENED
08/01/2017 17:34:57:       La connessione 0 e' stata aperta il 08/01/2017 17:34:57
08/01/2017 17:34:57:       Premi Invio per fare refresh...
08/01/2017 17:34:57: ***** Evento ricevuto: JADA_EVT_LIST_COUNTERS
08/01/2017 17:34:57:       Ci sono attualmente 0 richieste in coda (0 totali), 2 richieste pendenti (5 totali).
08/01/2017 17:34:57:       Premi Invio per fare refresh...
08/01/2017 17:35:19: c:\jada\src\jadalib\libstream.c, 95: il self non e' FRAME
08/01/2017 17:35:19: c:\jada\src\jadalib\libhandler.c, 1935: errore nella lettura del payload
08/01/2017 17:35:19: c:\jada\src\jadalib\libthread.c, 54: errore generico
08/01/2017 17:35:19: c:\jada\src\jadalib\libthread.c, 440: Errore generico
*************************************************
08/01/2017 17:36:09: Processo manager attivato su RALESCHUW1
08/01/2017 17:36:09: ***** Evento ricevuto: JADA_EVT_CONNECTION_CONNECTED
08/01/2017 17:36:09:       La connessione 0 e' stata connessa il 08/01/2017 17:36:09
08/01/2017 17:36:09:       Premi Invio per fare refresh...
08/01/2017 17:36:09: Connessione terminata correttamente.
08/01/2017 17:36:09: ***** Evento ricevuto: JADA_EVT_CONNECTION_OPENED
08/01/2017 17:36:09:       La connessione 0 e' stata aperta il 08/01/2017 17:36:09
08/01/2017 17:36:09:       Premi Invio per fare refresh...
08/01/2017 17:36:09: ***** Evento ricevuto: JADA_EVT_LIST_COUNTERS
08/01/2017 17:36:09:       Ci sono attualmente 0 richieste in coda (0 totali), 2 richieste pendenti (5 totali).
08/01/2017 17:36:09:       Premi Invio per fare refresh...
08/01/2017 17:36:14: c:\jada\src\jadalib\libstream.c, 95: il self non e' FRAME
08/01/2017 17:36:14: c:\jada\src\jadalib\libhandler.c, 1935: errore nella lettura del payload
08/01/2017 17:36:14: c:\jada\src\jadalib\libthread.c, 54: errore generico
08/01/2017 17:36:14: c:\jada\src\jadalib\libthread.c, 440: Errore generico
08/01/2017 17:36:28: Processo terminato
08/01/2017 17:36:28: Processo terminato
*************************************************
08/01/2017 17:37:07: Processo manager attivato su RALESCHUW1
08/01/2017 17:37:07: ***** Evento ricevuto: JADA_EVT_CONNECTION_CONNECTED
08/01/2017 17:37:07:       La connessione 0 e' stata connessa il 08/01/2017 17:37:07
08/01/2017 17:37:07:       Premi Invio per fare refresh...
08/01/2017 17:37:07: Connessione terminata correttamente.
08/01/2017 17:37:07: ***** Evento ricevuto: JADA_EVT_CONNECTION_OPENED
08/01/2017 17:37:07:       La connessione 0 e' stata aperta il 08/01/2017 17:37:07
08/01/2017 17:37:07:       Premi Invio per fare refresh...
08/01/2017 17:37:07: ***** Evento ricevuto: JADA_EVT_LIST_COUNTERS
08/01/2017 17:37:07:       Ci sono attualmente 0 richieste in coda (0 totali), 2 richieste pendenti (5 totali).
08/01/2017 17:37:07:       Premi Invio per fare refresh...
*************************************************
08/01/2017 17:39:37: Processo manager attivato su RALESCHUW1
08/01/2017 17:39:38: c:\jada\src\jadalib\libtcp.c, 130: Errore generico
08/01/2017 17:39:38: c:\jada\src\jadalib\libtcp.c, 499: Errore nella connessione alla porta remota (direct)
08/01/2017 17:39:38: c:\jada\src\jadalib\libconnection.c, 251: Errore generico
08/01/2017 17:39:38: c:\jada\src\manager\callback.c, 66: errore generico
08/01/2017 17:39:38: c:\jada\src\manager\main.c, 68: errore nella connessione al server
08/01/2017 17:39:43: Processo terminato
08/01/2017 17:39:43: Processo terminato
*************************************************
08/01/2017 17:39:54: Processo manager attivato su RALESCHUW1
08/01/2017 17:39:54: ***** Evento ricevuto: JADA_EVT_CONNECTION_CONNECTED
08/01/2017 17:39:54:       La connessione 0 e' stata connessa il 08/01/2017 17:39:54
08/01/2017 17:39:54:       Premi Invio per fare refresh...
08/01/2017 17:39:54: Connessione terminata correttamente.
08/01/2017 17:39:54: ***** Evento ricevuto: JADA_EVT_CONNECTION_OPENED
08/01/2017 17:39:54:       La connessione 0 e' stata aperta il 08/01/2017 17:39:54
08/01/2017 17:39:54:       Premi Invio per fare refresh...
08/01/2017 17:39:54: ***** Evento ricevuto: JADA_EVT_LIST_COUNTERS
08/01/2017 17:39:54:       Ci sono attualmente 0 richieste in coda (0 totali), 2 richieste pendenti (5 totali).
08/01/2017 17:39:54:       Premi Invio per fare refresh...
08/01/2017 17:41:02: c:\jada\src\jadalib\libstream.c, 97: il self non e' FRAME
*************************************************
08/01/2017 17:43:13: Processo manager attivato su RALESCHUW1
08/01/2017 17:43:13: ***** Evento ricevuto: JADA_EVT_CONNECTION_CONNECTED
08/01/2017 17:43:13:       La connessione 0 e' stata connessa il 08/01/2017 17:43:13
08/01/2017 17:43:13:       Premi Invio per fare refresh...
08/01/2017 17:43:13: Connessione terminata correttamente.
08/01/2017 17:43:13: ***** Evento ricevuto: JADA_EVT_CONNECTION_OPENED
08/01/2017 17:43:13:       La connessione 0 e' stata aperta il 08/01/2017 17:43:13
08/01/2017 17:43:13:       Premi Invio per fare refresh...
08/01/2017 17:43:13: ***** Evento ricevuto: JADA_EVT_LIST_COUNTERS
08/01/2017 17:43:13:       Ci sono attualmente 0 richieste in coda (0 totali), 2 richieste pendenti (5 totali).
08/01/2017 17:43:13:       Premi Invio per fare refresh...
08/01/2017 17:43:39: ***** Evento ricevuto: JADA_EVT_COMBO_VALUES
08/01/2017 17:43:39: Ricevuta lista valori di combo nel file .
08/01/2017 17:43:39:       Premi Invio per fare refresh...
08/01/2017 17:44:04: c:\jada\src\jadalib\libtcp.c, 707: errore in fase di lettura del messaggio
08/01/2017 17:44:04: c:\jada\src\jadalib\libthread.c, 430: Errore generico
08/01/2017 17:44:06: Processo terminato
08/01/2017 17:44:06: Processo terminato
*************************************************
08/01/2017 17:44:34: Processo manager attivato su RALESCHUW1
08/01/2017 17:44:34: ***** Evento ricevuto: JADA_EVT_CONNECTION_CONNECTED
08/01/2017 17:44:34:       La connessione 0 e' stata connessa il 08/01/2017 17:44:34
08/01/2017 17:44:34:       Premi Invio per fare refresh...
08/01/2017 17:44:35: Connessione terminata correttamente.
08/01/2017 17:44:35: ***** Evento ricevuto: JADA_EVT_CONNECTION_OPENED
08/01/2017 17:44:35:       La connessione 0 e' stata aperta il 08/01/2017 17:44:35
08/01/2017 17:44:35:       Premi Invio per fare refresh...
08/01/2017 17:44:35: ***** Evento ricevuto: JADA_EVT_LIST_COUNTERS
08/01/2017 17:44:35:       Ci sono attualmente 0 richieste in coda (0 totali), 2 richieste pendenti (5 totali).
08/01/2017 17:44:35:       Premi Invio per fare refresh...
*************************************************
08/01/2017 17:45:34: Processo manager attivato su RALESCHUW1
08/01/2017 17:45:34: ***** Evento ricevuto: JADA_EVT_CONNECTION_CONNECTED
08/01/2017 17:45:34:       La connessione 0 e' stata connessa il 08/01/2017 17:45:34
08/01/2017 17:45:34:       Premi Invio per fare refresh...
08/01/2017 17:45:34: Connessione terminata correttamente.
08/01/2017 17:45:34: ***** Evento ricevuto: JADA_EVT_CONNECTION_OPENED
08/01/2017 17:45:34:       La connessione 0 e' stata aperta il 08/01/2017 17:45:34
08/01/2017 17:45:34:       Premi Invio per fare refresh...
08/01/2017 17:45:34: ***** Evento ricevuto: JADA_EVT_LIST_COUNTERS
08/01/2017 17:45:34:       Ci sono attualmente 0 richieste in coda (0 totali), 2 richieste pendenti (5 totali).
08/01/2017 17:45:34:       Premi Invio per fare refresh...
08/01/2017 17:45:55: ***** Evento ricevuto: JADA_EVT_COMBO_VALUES
08/01/2017 17:45:56: Ricevuta lista valori di combo nel file .
08/01/2017 17:46:12:       Premi Invio per fare refresh...
*************************************************
08/01/2017 17:49:19: Processo manager attivato su RALESCHUW1
08/01/2017 17:49:20: ***** Evento ricevuto: JADA_EVT_CONNECTION_CONNECTED
08/01/2017 17:49:20:       La connessione 0 e' stata connessa il 08/01/2017 17:49:20
08/01/2017 17:49:20:       Premi Invio per fare refresh...
08/01/2017 17:49:20: Connessione terminata correttamente.
08/01/2017 17:49:20: ***** Evento ricevuto: JADA_EVT_CONNECTION_OPENED
08/01/2017 17:49:20:       La connessione 0 e' stata aperta il 08/01/2017 17:49:20
08/01/2017 17:49:20:       Premi Invio per fare refresh...
08/01/2017 17:49:20: ***** Evento ricevuto: JADA_EVT_LIST_COUNTERS
08/01/2017 17:49:20:       Ci sono attualmente 0 richieste in coda (0 totali), 2 richieste pendenti (5 totali).
08/01/2017 17:49:20:       Premi Invio per fare refresh...
08/01/2017 17:49:32: ***** Evento ricevuto: JADA_EVT_COMBO_VALUES
08/01/2017 17:49:50: Ricevuta lista valori di combo nel file .
08/01/2017 17:49:50:       Premi Invio per fare refresh...
*************************************************
08/01/2017 17:51:22: Processo manager attivato su RALESCHUW1
08/01/2017 17:51:22: ***** Evento ricevuto: JADA_EVT_CONNECTION_CONNECTED
08/01/2017 17:51:22:       La connessione 0 e' stata connessa il 08/01/2017 17:51:22
08/01/2017 17:51:22:       Premi Invio per fare refresh...
08/01/2017 17:51:22: Connessione terminata correttamente.
08/01/2017 17:51:22: ***** Evento ricevuto: JADA_EVT_CONNECTION_OPENED
08/01/2017 17:51:22:       La connessione 0 e' stata aperta il 08/01/2017 17:51:22
08/01/2017 17:51:22:       Premi Invio per fare refresh...
08/01/2017 17:51:22: ***** Evento ricevuto: JADA_EVT_LIST_COUNTERS
08/01/2017 17:51:22:       Ci sono attualmente 0 richieste in coda (0 totali), 2 richieste pendenti (5 totali).
08/01/2017 17:51:22:       Premi Invio per fare refresh...
*************************************************
08/01/2017 17:51:51: Processo manager attivato su RALESCHUW1
08/01/2017 17:51:51: ***** Evento ricevuto: JADA_EVT_CONNECTION_CONNECTED
08/01/2017 17:51:51:       La connessione 0 e' stata connessa il 08/01/2017 17:51:51
08/01/2017 17:51:51:       Premi Invio per fare refresh...
08/01/2017 17:51:51: ***** Evento ricevuto: JADA_EVT_CONNECTION_OPENED
08/01/2017 17:51:51:       La connessione 0 e' stata aperta il 08/01/2017 17:51:51
08/01/2017 17:51:51:       Premi Invio per fare refresh...
08/01/2017 17:51:51: ***** Evento ricevuto: JADA_EVT_LIST_COUNTERS
08/01/2017 17:51:51:       Ci sono attualmente 0 richieste in coda (0 totali), 2 richieste pendenti (5 totali).
08/01/2017 17:51:51:       Premi Invio per fare refresh...
08/01/2017 17:51:51: Connessione terminata correttamente.
08/01/2017 17:51:59: ***** Evento ricevuto: JADA_EVT_COMBO_VALUES
08/01/2017 17:51:59: Ricevuta lista valori di combo nel file .
08/01/2017 17:51:59:       Premi Invio per fare refresh...
08/01/2017 17:52:21: ***** Evento ricevuto: JADA_EVT_COMBO_VALUES
08/01/2017 17:52:24: Ricevuta lista valori di combo nel file .
08/01/2017 17:52:24:       Premi Invio per fare refresh...
08/01/2017 17:52:37: ***** Evento ricevuto: JADA_EVT_COMBO_VALUES
08/01/2017 17:52:38: Ricevuta lista valori di combo nel file .
08/01/2017 17:52:38:       Premi Invio per fare refresh...
08/01/2017 17:54:34: Processo terminato
08/01/2017 17:54:34: Processo terminato
*************************************************
08/01/2017 17:56:12: Processo manager attivato su RALESCHUW1
08/01/2017 17:56:12: ***** Evento ricevuto: JADA_EVT_CONNECTION_CONNECTED
08/01/2017 17:56:12:       La connessione 0 e' stata connessa il 08/01/2017 17:56:12
08/01/2017 17:56:12:       Premi Invio per fare refresh...
08/01/2017 17:56:12: Connessione terminata correttamente.
08/01/2017 17:56:12: ***** Evento ricevuto: JADA_EVT_CONNECTION_OPENED
08/01/2017 17:56:12:       La connessione 0 e' stata aperta il 08/01/2017 17:56:12
08/01/2017 17:56:12:       Premi Invio per fare refresh...
08/01/2017 17:56:12: ***** Evento ricevuto: JADA_EVT_LIST_COUNTERS
08/01/2017 17:56:12:       Ci sono attualmente 0 richieste in coda (0 totali), 2 richieste pendenti (5 totali).
08/01/2017 17:56:12:       Premi Invio per fare refresh...
*************************************************
08/01/2017 17:56:35: Processo manager attivato su RALESCHUW1
08/01/2017 17:56:35: ***** Evento ricevuto: JADA_EVT_CONNECTION_CONNECTED
08/01/2017 17:56:35:       La connessione 0 e' stata connessa il 08/01/2017 17:56:35
08/01/2017 17:56:35:       Premi Invio per fare refresh...
08/01/2017 17:56:35: Connessione terminata correttamente.
08/01/2017 17:56:35: ***** Evento ricevuto: JADA_EVT_CONNECTION_OPENED
08/01/2017 17:56:35:       La connessione 0 e' stata aperta il 08/01/2017 17:56:35
08/01/2017 17:56:35:       Premi Invio per fare refresh...
08/01/2017 17:56:35: ***** Evento ricevuto: JADA_EVT_LIST_COUNTERS
08/01/2017 17:56:35:       Ci sono attualmente 0 richieste in coda (0 totali), 2 richieste pendenti (5 totali).
08/01/2017 17:56:35:       Premi Invio per fare refresh...
08/01/2017 17:56:44: ***** Evento ricevuto: JADA_EVT_LIST_COUNTERS
08/01/2017 17:56:44:       Ci sono attualmente 0 richieste in coda (0 totali), 2 richieste pendenti (5 totali).
08/01/2017 17:56:44:       Premi Invio per fare refresh...
08/01/2017 17:56:49: La sessione non e' stata aperta.
08/01/2017 17:56:51: ***** Evento ricevuto: JADA_EVT_COMBO_VALUES
08/01/2017 17:56:51: Ricevuta lista valori di combo nello stream 1.
08/01/2017 17:56:51:       Premi Invio per fare refresh...
08/01/2017 17:56:53: ***** Evento ricevuto: JADA_EVT_COMBO_VALUES
08/01/2017 17:56:53: Ricevuta lista valori di combo nello stream 2.
08/01/2017 17:56:53:       Premi Invio per fare refresh...
*************************************************
08/01/2017 17:57:25: Processo manager attivato su RALESCHUW1
08/01/2017 17:57:26: ***** Evento ricevuto: JADA_EVT_CONNECTION_CONNECTED
08/01/2017 17:57:26:       La connessione 0 e' stata connessa il 08/01/2017 17:57:26
08/01/2017 17:57:26:       Premi Invio per fare refresh...
08/01/2017 17:57:26: Connessione terminata correttamente.
08/01/2017 17:57:26: ***** Evento ricevuto: JADA_EVT_CONNECTION_OPENED
08/01/2017 17:57:26:       La connessione 0 e' stata aperta il 08/01/2017 17:57:26
08/01/2017 17:57:26:       Premi Invio per fare refresh...
08/01/2017 17:57:26: ***** Evento ricevuto: JADA_EVT_LIST_COUNTERS
08/01/2017 17:57:26:       Ci sono attualmente 0 richieste in coda (0 totali), 2 richieste pendenti (5 totali).
08/01/2017 17:57:26:       Premi Invio per fare refresh...
08/01/2017 17:57:39: ***** Evento ricevuto: JADA_EVT_COMBO_VALUES
08/01/2017 17:57:39: Ricevuta lista valori di combo nello stream 1.
08/01/2017 17:57:39:       Premi Invio per fare refresh...
08/01/2017 17:57:42: ***** Evento ricevuto: JADA_EVT_COMBO_VALUES
08/01/2017 17:57:42: Ricevuta lista valori di combo nello stream 2.
08/01/2017 17:57:42:       Premi Invio per fare refresh...
08/01/2017 17:57:43: ***** Evento ricevuto: JADA_EVT_COMBO_VALUES
08/01/2017 17:57:43: Ricevuta lista valori di combo nello stream 3.
08/01/2017 17:57:43:       Premi Invio per fare refresh...
08/01/2017 17:57:46: ***** Evento ricevuto: JADA_EVT_COMBO_VALUES
08/01/2017 17:57:46: Ricevuta lista valori di combo nello stream 4.
08/01/2017 17:57:46:       Premi Invio per fare refresh...
08/01/2017 17:57:46: ***** Evento ricevuto: JADA_EVT_COMBO_VALUES
08/01/2017 17:57:46: Ricevuta lista valori di combo nello stream 5.
08/01/2017 17:57:46:       Premi Invio per fare refresh...
08/01/2017 17:57:47: ***** Evento ricevuto: JADA_EVT_COMBO_VALUES
08/01/2017 17:57:47: Ricevuta lista valori di combo nello stream 6.
08/01/2017 17:57:47:       Premi Invio per fare refresh...
08/01/2017 17:57:48: ***** Evento ricevuto: JADA_EVT_COMBO_VALUES
08/01/2017 17:57:48: Ricevuta lista valori di combo nello stream 7.
08/01/2017 17:57:48:       Premi Invio per fare refresh...
08/01/2017 17:57:48: ***** Evento ricevuto: JADA_EVT_COMBO_VALUES
08/01/2017 17:57:48: Ricevuta lista valori di combo nello stream 8.
08/01/2017 17:57:48:       Premi Invio per fare refresh...
08/01/2017 17:57:49: ***** Evento ricevuto: JADA_EVT_COMBO_VALUES
08/01/2017 17:57:49: Ricevuta lista valori di combo nello stream 9.
08/01/2017 17:57:49:       Premi Invio per fare refresh...
08/01/2017 17:57:50: ***** Evento ricevuto: JADA_EVT_COMBO_VALUES
08/01/2017 17:57:50: Ricevuta lista valori di combo nello stream 10.
08/01/2017 17:57:50:       Premi Invio per fare refresh...
08/01/2017 17:57:50: ***** Evento ricevuto: JADA_EVT_COMBO_VALUES
08/01/2017 17:57:50: Ricevuta lista valori di combo nello stream 11.
08/01/2017 17:57:50:       Premi Invio per fare refresh...
08/01/2017 17:57:50: ***** Evento ricevuto: JADA_EVT_COMBO_VALUES
08/01/2017 17:57:50: Ricevuta lista valori di combo nello stream 12.
08/01/2017 17:57:50:       Premi Invio per fare refresh...
08/01/2017 17:57:52: ***** Evento ricevuto: JADA_EVT_COMBO_VALUES
08/01/2017 17:57:52: Ricevuta lista valori di combo nello stream 13.
08/01/2017 17:57:52:       Premi Invio per fare refresh...
*************************************************
08/01/2017 18:17:45: Processo manager attivato su RALESCHUW1
08/01/2017 18:17:45: ***** Evento ricevuto: JADA_EVT_CONNECTION_CONNECTED
08/01/2017 18:17:45:       La connessione 0 e' stata connessa il 08/01/2017 18:17:45
08/01/2017 18:17:45:       Premi Invio per fare refresh...
08/01/2017 18:17:45: Connessione terminata correttamente.
08/01/2017 18:17:45: ***** Evento ricevuto: JADA_EVT_CONNECTION_OPENED
08/01/2017 18:17:45:       La connessione 0 e' stata aperta il 08/01/2017 18:17:45
08/01/2017 18:17:45:       Premi Invio per fare refresh...
08/01/2017 18:17:45: ***** Evento ricevuto: JADA_EVT_LIST_COUNTERS
08/01/2017 18:17:45:       Ci sono attualmente 0 richieste in coda (0 totali), 2 richieste pendenti (5 totali).
08/01/2017 18:17:45:       Premi Invio per fare refresh...
08/01/2017 18:17:48: ***** Evento ricevuto: JADA_EVT_COMBO_VALUES
08/01/2017 18:17:48: Ricevuta lista valori di combo nello stream 1.
08/01/2017 18:17:48:       Premi Invio per fare refresh...
08/01/2017 18:17:48: c:\jada\src\jadalib\libstream.c, 133: Buffer troppo piccolo per estrarre il payload del stream
08/01/2017 18:17:48: ***** Evento ricevuto: JADA_EVT_COMBO_VALUES
08/01/2017 18:17:48: Ricevuta lista valori di combo nello stream 2.
08/01/2017 18:17:48:       Premi Invio per fare refresh...
08/01/2017 18:17:48: c:\jada\src\jadalib\libstream.c, 133: Buffer troppo piccolo per estrarre il payload del stream
08/01/2017 18:17:49: ***** Evento ricevuto: JADA_EVT_COMBO_VALUES
08/01/2017 18:17:49: Ricevuta lista valori di combo nello stream 3.
08/01/2017 18:17:49: c:\jada\src\jadalib\libstream.c, 133: Buffer troppo piccolo per estrarre il payload del stream
08/01/2017 18:17:49:       Premi Invio per fare refresh...
08/01/2017 18:17:51: ***** Evento ricevuto: JADA_EVT_COMBO_VALUES
08/01/2017 18:17:51: Ricevuta lista valori di combo nello stream 4.
08/01/2017 18:17:51:       Premi Invio per fare refresh...
08/01/2017 18:17:51: c:\jada\src\jadalib\libstream.c, 133: Buffer troppo piccolo per estrarre il payload del stream
08/01/2017 18:17:51: ***** Evento ricevuto: JADA_EVT_COMBO_VALUES
08/01/2017 18:17:51: Ricevuta lista valori di combo nello stream 5.
08/01/2017 18:17:51:       Premi Invio per fare refresh...
08/01/2017 18:17:51: c:\jada\src\jadalib\libstream.c, 133: Buffer troppo piccolo per estrarre il payload del stream
08/01/2017 18:17:51: ***** Evento ricevuto: JADA_EVT_COMBO_VALUES
08/01/2017 18:17:51: Ricevuta lista valori di combo nello stream 6.
08/01/2017 18:17:51:       Premi Invio per fare refresh...
08/01/2017 18:17:51: c:\jada\src\jadalib\libstream.c, 133: Buffer troppo piccolo per estrarre il payload del stream
08/01/2017 18:17:52: c:\jada\src\jadalib\libstream.c, 133: Buffer troppo piccolo per estrarre il payload del stream
08/01/2017 18:17:52: ***** Evento ricevuto: JADA_EVT_COMBO_VALUES
08/01/2017 18:17:52: Ricevuta lista valori di combo nello stream 7.
08/01/2017 18:17:52:       Premi Invio per fare refresh...
08/01/2017 18:17:53: ***** Evento ricevuto: JADA_EVT_COMBO_VALUES
08/01/2017 18:17:53: Ricevuta lista valori di combo nello stream 8.
08/01/2017 18:17:53:       Premi Invio per fare refresh...
08/01/2017 18:17:53: c:\jada\src\jadalib\libstream.c, 133: Buffer troppo piccolo per estrarre il payload del stream
08/01/2017 18:17:53: ***** Evento ricevuto: JADA_EVT_COMBO_VALUES
08/01/2017 18:17:53: Ricevuta lista valori di combo nello stream 9.
08/01/2017 18:17:53: c:\jada\src\jadalib\libstream.c, 133: Buffer troppo piccolo per estrarre il payload del stream
08/01/2017 18:17:53:       Premi Invio per fare refresh...
08/01/2017 18:17:54: ***** Evento ricevuto: JADA_EVT_COMBO_VALUES
08/01/2017 18:17:54: Ricevuta lista valori di combo nello stream 10.
08/01/2017 18:17:54:       Premi Invio per fare refresh...
08/01/2017 18:17:54: c:\jada\src\jadalib\libstream.c, 133: Buffer troppo piccolo per estrarre il payload del stream
08/01/2017 18:17:54: ***** Evento ricevuto: JADA_EVT_COMBO_VALUES
08/01/2017 18:17:54: Ricevuta lista valori di combo nello stream 11.
08/01/2017 18:17:54:       Premi Invio per fare refresh...
08/01/2017 18:17:54: c:\jada\src\jadalib\libstream.c, 133: Buffer troppo piccolo per estrarre il payload del stream
08/01/2017 18:17:54: ***** Evento ricevuto: JADA_EVT_COMBO_VALUES
08/01/2017 18:17:54: Ricevuta lista valori di combo nello stream 12.
08/01/2017 18:17:54:       Premi Invio per fare refresh...
08/01/2017 18:17:54: c:\jada\src\jadalib\libstream.c, 133: Buffer troppo piccolo per estrarre il payload del stream
08/01/2017 18:17:55: ***** Evento ricevuto: JADA_EVT_COMBO_VALUES
08/01/2017 18:17:55: Ricevuta lista valori di combo nello stream 13.
08/01/2017 18:17:55:       Premi Invio per fare refresh...
08/01/2017 18:17:55: c:\jada\src\jadalib\libstream.c, 133: Buffer troppo piccolo per estrarre il payload del stream
08/01/2017 18:17:56: ***** Evento ricevuto: JADA_EVT_COMBO_VALUES
08/01/2017 18:17:56: Ricevuta lista valori di combo nello stream 14.
08/01/2017 18:17:56:       Premi Invio per fare refresh...
08/01/2017 18:17:56: c:\jada\src\jadalib\libstream.c, 133: Buffer troppo piccolo per estrarre il payload del stream
08/01/2017 18:17:56: ***** Evento ricevuto: JADA_EVT_COMBO_VALUES
08/01/2017 18:17:56: Ricevuta lista valori di combo nello stream 15.
08/01/2017 18:17:56:       Premi Invio per fare refresh...
08/01/2017 18:17:56: c:\jada\src\jadalib\libstream.c, 133: Buffer troppo piccolo per estrarre il payload del stream
08/01/2017 18:17:57: ***** Evento ricevuto: JADA_EVT_COMBO_VALUES
08/01/2017 18:17:57: Ricevuta lista valori di combo nello stream 16.
08/01/2017 18:17:57:       Premi Invio per fare refresh...
08/01/2017 18:17:57: c:\jada\src\jadalib\libstream.c, 133: Buffer troppo piccolo per estrarre il payload del stream
08/01/2017 18:17:57: ***** Evento ricevuto: JADA_EVT_COMBO_VALUES
08/01/2017 18:17:57: Ricevuta lista valori di combo nello stream 17.
08/01/2017 18:17:57:       Premi Invio per fare refresh...
08/01/2017 18:17:57: c:\jada\src\jadalib\libstream.c, 133: Buffer troppo piccolo per estrarre il payload del stream
08/01/2017 18:17:57: ***** Evento ricevuto: JADA_EVT_COMBO_VALUES
08/01/2017 18:17:57: Ricevuta lista valori di combo nello stream 18.
08/01/2017 18:17:57: c:\jada\src\jadalib\libstream.c, 133: Buffer troppo piccolo per estrarre il payload del stream
08/01/2017 18:17:57:       Premi Invio per fare refresh...
08/01/2017 18:17:58: ***** Evento ricevuto: JADA_EVT_COMBO_VALUES
08/01/2017 18:17:58: Ricevuta lista valori di combo nello stream 19.
08/01/2017 18:17:58:       Premi Invio per fare refresh...
08/01/2017 18:17:58: c:\jada\src\jadalib\libstream.c, 133: Buffer troppo piccolo per estrarre il payload del stream
08/01/2017 18:17:58: ***** Evento ricevuto: JADA_EVT_COMBO_VALUES
08/01/2017 18:17:58: Ricevuta lista valori di combo nello stream 20.
08/01/2017 18:17:58:       Premi Invio per fare refresh...
08/01/2017 18:17:58: c:\jada\src\jadalib\libstream.c, 133: Buffer troppo piccolo per estrarre il payload del stream
08/01/2017 18:17:58: ***** Evento ricevuto: JADA_EVT_COMBO_VALUES
08/01/2017 18:17:58: Ricevuta lista valori di combo nello stream 21.
08/01/2017 18:17:58: c:\jada\src\jadalib\libstream.c, 133: Buffer troppo piccolo per estrarre il payload del stream
08/01/2017 18:17:58:       Premi Invio per fare refresh...
08/01/2017 18:17:59: ***** Evento ricevuto: JADA_EVT_COMBO_VALUES
08/01/2017 18:17:59: Ricevuta lista valori di combo nello stream 22.
08/01/2017 18:17:59:       Premi Invio per fare refresh...
08/01/2017 18:17:59: c:\jada\src\jadalib\libstream.c, 133: Buffer troppo piccolo per estrarre il payload del stream
08/01/2017 18:17:59: ***** Evento ricevuto: JADA_EVT_COMBO_VALUES
08/01/2017 18:17:59: Ricevuta lista valori di combo nello stream 23.
08/01/2017 18:17:59:       Premi Invio per fare refresh...
08/01/2017 18:17:59: c:\jada\src\jadalib\libstream.c, 133: Buffer troppo piccolo per estrarre il payload del stream
08/01/2017 18:18:00: ***** Evento ricevuto: JADA_EVT_COMBO_VALUES
08/01/2017 18:18:00: Ricevuta lista valori di combo nello stream 24.
08/01/2017 18:18:00: c:\jada\src\jadalib\libstream.c, 133: Buffer troppo piccolo per estrarre il payload del stream
08/01/2017 18:18:00:       Premi Invio per fare refresh...
08/01/2017 18:18:00: ***** Evento ricevuto: JADA_EVT_COMBO_VALUES
08/01/2017 18:18:00: Ricevuta lista valori di combo nello stream 25.
08/01/2017 18:18:00:       Premi Invio per fare refresh...
08/01/2017 18:18:00: c:\jada\src\jadalib\libstream.c, 133: Buffer troppo piccolo per estrarre il payload del stream
08/01/2017 18:18:00: ***** Evento ricevuto: JADA_EVT_COMBO_VALUES
08/01/2017 18:18:00: Ricevuta lista valori di combo nello stream 26.
08/01/2017 18:18:01:       Premi Invio per fare refresh...
08/01/2017 18:18:01: c:\jada\src\jadalib\libstream.c, 133: Buffer troppo piccolo per estrarre il payload del stream
08/01/2017 18:18:01: ***** Evento ricevuto: JADA_EVT_COMBO_VALUES
08/01/2017 18:18:01: Ricevuta lista valori di combo nello stream 27.
08/01/2017 18:18:01: c:\jada\src\jadalib\libstream.c, 133: Buffer troppo piccolo per estrarre il payload del stream
08/01/2017 18:18:01:       Premi Invio per fare refresh...
08/01/2017 18:18:01: ***** Evento ricevuto: JADA_EVT_COMBO_VALUES
08/01/2017 18:18:01: Ricevuta lista valori di combo nello stream 28.
08/01/2017 18:18:01:       Premi Invio per fare refresh...
08/01/2017 18:18:01: c:\jada\src\jadalib\libstream.c, 133: Buffer troppo piccolo per estrarre il payload del stream
08/01/2017 18:18:02: ***** Evento ricevuto: JADA_EVT_COMBO_VALUES
08/01/2017 18:18:02: Ricevuta lista valori di combo nello stream 29.
08/01/2017 18:18:02:       Premi Invio per fare refresh...
08/01/2017 18:18:02: c:\jada\src\jadalib\libstream.c, 133: Buffer troppo piccolo per estrarre il payload del stream
08/01/2017 18:18:02: ***** Evento ricevuto: JADA_EVT_COMBO_VALUES
08/01/2017 18:18:02: Ricevuta lista valori di combo nello stream 30.
08/01/2017 18:18:02:       Premi Invio per fare refresh...
08/01/2017 18:18:02: c:\jada\src\jadalib\libstream.c, 133: Buffer troppo piccolo per estrarre il payload del stream
08/01/2017 18:18:03: ***** Evento ricevuto: JADA_EVT_COMBO_VALUES
08/01/2017 18:18:03: Ricevuta lista valori di combo nello stream 31.
08/01/2017 18:18:03:       Premi Invio per fare refresh...
08/01/2017 18:18:03: c:\jada\src\jadalib\libstream.c, 133: Buffer troppo piccolo per estrarre il payload del stream
08/01/2017 18:18:03: ***** Evento ricevuto: JADA_EVT_COMBO_VALUES
08/01/2017 18:18:03: Ricevuta lista valori di combo nello stream 32.
08/01/2017 18:18:03:       Premi Invio per fare refresh...
08/01/2017 18:18:03: c:\jada\src\jadalib\libstream.c, 133: Buffer troppo piccolo per estrarre il payload del stream
08/01/2017 18:18:03: ***** Evento ricevuto: JADA_EVT_COMBO_VALUES
08/01/2017 18:18:03: Ricevuta lista valori di combo nello stream 33.
08/01/2017 18:18:03: c:\jada\src\jadalib\libstream.c, 133: Buffer troppo piccolo per estrarre il payload del stream
08/01/2017 18:18:03:       Premi Invio per fare refresh...
08/01/2017 18:18:04: ***** Evento ricevuto: JADA_EVT_COMBO_VALUES
08/01/2017 18:18:04: Ricevuta lista valori di combo nello stream 34.
08/01/2017 18:18:04:       Premi Invio per fare refresh...
08/01/2017 18:18:04: c:\jada\src\jadalib\libstream.c, 133: Buffer troppo piccolo per estrarre il payload del stream
08/01/2017 18:18:09: ***** Evento ricevuto: JADA_EVT_COMBO_VALUES
08/01/2017 18:18:09: Ricevuta lista valori di combo nello stream 35.
08/01/2017 18:18:09:       Premi Invio per fare refresh...
08/01/2017 18:18:09: c:\jada\src\jadalib\libstream.c, 133: Buffer troppo piccolo per estrarre il payload del stream
08/01/2017 18:18:10: ***** Evento ricevuto: JADA_EVT_COMBO_VALUES
08/01/2017 18:18:10: Ricevuta lista valori di combo nello stream 36.
08/01/2017 18:18:10: c:\jada\src\jadalib\libstream.c, 133: Buffer troppo piccolo per estrarre il payload del stream
08/01/2017 18:18:10:       Premi Invio per fare refresh...
08/01/2017 18:18:20: ***** Evento ricevuto: JADA_EVT_COMBO_VALUES
08/01/2017 18:18:20: Ricevuta lista valori di combo nello stream 37.
08/01/2017 18:18:20:       Premi Invio per fare refresh...
08/01/2017 18:18:20: c:\jada\src\jadalib\libstream.c, 133: Buffer troppo piccolo per estrarre il payload del stream
08/01/2017 18:18:25: ***** Evento ricevuto: JADA_EVT_COMBO_VALUES
08/01/2017 18:18:25: Ricevuta lista valori di combo nello stream 38.
08/01/2017 18:18:25:       Premi Invio per fare refresh...
08/01/2017 18:18:25: c:\jada\src\jadalib\libstream.c, 133: Buffer troppo piccolo per estrarre il payload del stream
08/01/2017 18:18:38: ***** Evento ricevuto: JADA_EVT_COMBO_VALUES
08/01/2017 18:18:38: Ricevuta lista valori di combo nello stream 39.
08/01/2017 18:18:38: c:\jada\src\jadalib\libstream.c, 133: Buffer troppo piccolo per estrarre il payload del stream
08/01/2017 18:18:38:       Premi Invio per fare refresh...
08/01/2017 18:18:41: Processo terminato
08/01/2017 18:18:41: Processo terminato
*************************************************
08/01/2017 18:20:57: Processo manager attivato su RALESCHUW1
08/01/2017 18:20:57: ***** Evento ricevuto: JADA_EVT_CONNECTION_CONNECTED
08/01/2017 18:20:57:       La connessione 0 e' stata connessa il 08/01/2017 18:20:57
08/01/2017 18:20:57:       Premi Invio per fare refresh...
08/01/2017 18:20:57: Connessione terminata correttamente.
08/01/2017 18:20:57: ***** Evento ricevuto: JADA_EVT_CONNECTION_OPENED
08/01/2017 18:20:57:       La connessione 0 e' stata aperta il 08/01/2017 18:20:57
08/01/2017 18:20:57:       Premi Invio per fare refresh...
08/01/2017 18:20:57: ***** Evento ricevuto: JADA_EVT_LIST_COUNTERS
08/01/2017 18:20:57:       Ci sono attualmente 0 richieste in coda (0 totali), 2 richieste pendenti (5 totali).
08/01/2017 18:20:57:       Premi Invio per fare refresh...
08/01/2017 18:21:20: ***** Evento ricevuto: JADA_EVT_COMBO_VALUES
08/01/2017 18:21:20: Ricevuta lista valori di combo nello stream 1.
08/01/2017 18:21:20:       Premi Invio per fare refresh...
08/01/2017 18:21:38: ***** Evento ricevuto: JADA_EVT_COMBO_VALUES
08/01/2017 18:21:38: Ricevuta lista valori di combo nello stream 2.
08/01/2017 18:21:38:       Premi Invio per fare refresh...
08/01/2017 18:21:40: ***** Evento ricevuto: JADA_EVT_COMBO_VALUES
08/01/2017 18:21:40: Ricevuta lista valori di combo nello stream 3.
08/01/2017 18:21:40:       Premi Invio per fare refresh...
08/01/2017 18:23:03: Processo terminato
08/01/2017 18:23:03: Processo terminato
*************************************************
08/01/2017 18:24:19: Processo manager attivato su RALESCHUW1
08/01/2017 18:24:19: ***** Evento ricevuto: JADA_EVT_CONNECTION_CONNECTED
08/01/2017 18:24:19:       La connessione 0 e' stata connessa il 08/01/2017 18:24:19
08/01/2017 18:24:19:       Premi Invio per fare refresh...
08/01/2017 18:24:20: Connessione terminata correttamente.
08/01/2017 18:24:20: ***** Evento ricevuto: JADA_EVT_CONNECTION_OPENED
08/01/2017 18:24:20:       La connessione 0 e' stata aperta il 08/01/2017 18:24:20
08/01/2017 18:24:20:       Premi Invio per fare refresh...
08/01/2017 18:24:20: ***** Evento ricevuto: JADA_EVT_LIST_COUNTERS
08/01/2017 18:24:20:       Ci sono attualmente 0 richieste in coda (0 totali), 2 richieste pendenti (5 totali).
08/01/2017 18:24:20:       Premi Invio per fare refresh...
08/01/2017 18:24:23: ***** Evento ricevuto: JADA_EVT_COMBO_VALUES
08/01/2017 18:24:23: Ricevuta lista valori di combo nello stream 1.
08/01/2017 18:24:23:       Premi Invio per fare refresh...
08/01/2017 18:24:24: ***** Evento ricevuto: JADA_EVT_COMBO_VALUES
08/01/2017 18:24:24: Ricevuta lista valori di combo nello stream 2.
08/01/2017 18:24:24:       Premi Invio per fare refresh...
08/01/2017 18:24:25: ***** Evento ricevuto: JADA_EVT_COMBO_VALUES
08/01/2017 18:24:25: Ricevuta lista valori di combo nello stream 3.
08/01/2017 18:24:25:       Premi Invio per fare refresh...
08/01/2017 18:24:29: ***** Evento ricevuto: JADA_EVT_COMBO_VALUES
08/01/2017 18:24:29: Ricevuta lista valori di combo nello stream 4.
08/01/2017 18:24:29:       Premi Invio per fare refresh...
08/01/2017 18:24:37: ***** Evento ricevuto: JADA_EVT_COMBO_VALUES
08/01/2017 18:24:37: Ricevuta lista valori di combo nello stream 5.
08/01/2017 18:24:37:       Premi Invio per fare refresh...
08/01/2017 18:24:40: ***** Evento ricevuto: JADA_EVT_COMBO_VALUES
08/01/2017 18:24:40: Ricevuta lista valori di combo nello stream 6.
08/01/2017 18:24:40:       Premi Invio per fare refresh...
08/01/2017 18:24:51: ***** Evento ricevuto: JADA_EVT_COMBO_VALUES
08/01/2017 18:24:51: Ricevuta lista valori di combo nello stream 7.
08/01/2017 18:24:51:       Premi Invio per fare refresh...
08/01/2017 18:24:52: ***** Evento ricevuto: JADA_EVT_COMBO_VALUES
08/01/2017 18:24:52: Ricevuta lista valori di combo nello stream 8.
08/01/2017 18:24:52:       Premi Invio per fare refresh...
08/01/2017 18:24:52: ***** Evento ricevuto: JADA_EVT_COMBO_VALUES
08/01/2017 18:24:52: Ricevuta lista valori di combo nello stream 9.
08/01/2017 18:24:52:       Premi Invio per fare refresh...
08/01/2017 18:25:04: ***** Evento ricevuto: JADA_EVT_REQUESTS_LIST
*************************************************
08/01/2017 18:25:17: Processo manager attivato su RALESCHUW1
08/01/2017 18:25:17: ***** Evento ricevuto: JADA_EVT_CONNECTION_CONNECTED
08/01/2017 18:25:17:       La connessione 0 e' stata connessa il 08/01/2017 18:25:17
08/01/2017 18:25:17:       Premi Invio per fare refresh...
08/01/2017 18:25:17: Connessione terminata correttamente.
08/01/2017 18:25:17: ***** Evento ricevuto: JADA_EVT_CONNECTION_OPENED
08/01/2017 18:25:17:       La connessione 0 e' stata aperta il 08/01/2017 18:25:17
08/01/2017 18:25:17:       Premi Invio per fare refresh...
08/01/2017 18:25:17: ***** Evento ricevuto: JADA_EVT_LIST_COUNTERS
08/01/2017 18:25:17:       Ci sono attualmente 0 richieste in coda (0 totali), 2 richieste pendenti (5 totali).
08/01/2017 18:25:17:       Premi Invio per fare refresh...
08/01/2017 18:25:20: ***** Evento ricevuto: JADA_EVT_REQUESTS_LIST
*************************************************
08/01/2017 18:26:06: Processo manager attivato su RALESCHUW1
08/01/2017 18:26:06: ***** Evento ricevuto: JADA_EVT_CONNECTION_CONNECTED
08/01/2017 18:26:06:       La connessione 0 e' stata connessa il 08/01/2017 18:26:06
08/01/2017 18:26:06:       Premi Invio per fare refresh...
08/01/2017 18:26:06: Connessione terminata correttamente.
08/01/2017 18:26:06: ***** Evento ricevuto: JADA_EVT_CONNECTION_OPENED
08/01/2017 18:26:06:       La connessione 0 e' stata aperta il 08/01/2017 18:26:06
08/01/2017 18:26:06:       Premi Invio per fare refresh...
08/01/2017 18:26:06: ***** Evento ricevuto: JADA_EVT_LIST_COUNTERS
08/01/2017 18:26:06:       Ci sono attualmente 0 richieste in coda (0 totali), 2 richieste pendenti (5 totali).
08/01/2017 18:26:06:       Premi Invio per fare refresh...
08/01/2017 18:26:09: ***** Evento ricevuto: JADA_EVT_REQUESTS_LIST
08/01/2017 18:26:09: Ricevuta lista tramite lo stream 1.
08/01/2017 18:26:09:       Premi Invio per fare refresh...
08/01/2017 18:26:11: ***** Evento ricevuto: JADA_EVT_REQUESTS_LIST
08/01/2017 18:26:11: Ricevuta lista tramite lo stream 2.
08/01/2017 18:26:11:       Premi Invio per fare refresh...
08/01/2017 18:26:12: ***** Evento ricevuto: JADA_EVT_REQUESTS_LIST
08/01/2017 18:26:12: Ricevuta lista tramite lo stream 3.
08/01/2017 18:26:12:       Premi Invio per fare refresh...
08/01/2017 18:26:12: ***** Evento ricevuto: JADA_EVT_REQUESTS_LIST
08/01/2017 18:26:12: Ricevuta lista tramite lo stream 4.
08/01/2017 18:26:12:       Premi Invio per fare refresh...
08/01/2017 18:26:13: ***** Evento ricevuto: JADA_EVT_REQUESTS_LIST
08/01/2017 18:26:13: Ricevuta lista tramite lo stream 5.
08/01/2017 18:26:13:       Premi Invio per fare refresh...
08/01/2017 18:26:21: ***** Evento ricevuto: JADA_EVT_REQUESTS_LIST
08/01/2017 18:26:21: Ricevuta lista tramite lo stream 6.
08/01/2017 18:26:21:       Premi Invio per fare refresh...
08/01/2017 18:26:26: ***** Evento ricevuto: JADA_EVT_REQUESTS_LIST
08/01/2017 18:26:26: Ricevuta lista tramite lo stream 7.
08/01/2017 18:26:26:       Premi Invio per fare refresh...
08/01/2017 18:26:28: ***** Evento ricevuto: JADA_EVT_REQUESTS_LIST
08/01/2017 18:26:28: Ricevuta lista tramite lo stream 8.
08/01/2017 18:26:28:       Premi Invio per fare refresh...
08/01/2017 18:26:29: ***** Evento ricevuto: JADA_EVT_REQUESTS_LIST
08/01/2017 18:26:29: Ricevuta lista tramite lo stream 9.
08/01/2017 18:26:29:       Premi Invio per fare refresh...
08/01/2017 18:26:29: ***** Evento ricevuto: JADA_EVT_REQUESTS_LIST
08/01/2017 18:26:29: Ricevuta lista tramite lo stream 10.
08/01/2017 18:26:29:       Premi Invio per fare refresh...
08/01/2017 18:26:30: ***** Evento ricevuto: JADA_EVT_REQUESTS_LIST
08/01/2017 18:26:30: Ricevuta lista tramite lo stream 11.
08/01/2017 18:26:30:       Premi Invio per fare refresh...
08/01/2017 18:26:31: ***** Evento ricevuto: JADA_EVT_REQUESTS_LIST
08/01/2017 18:26:31: Ricevuta lista tramite lo stream 12.
08/01/2017 18:26:31:       Premi Invio per fare refresh...
08/01/2017 18:26:31: ***** Evento ricevuto: JADA_EVT_REQUESTS_LIST
08/01/2017 18:26:31: Ricevuta lista tramite lo stream 13.
08/01/2017 18:26:31:       Premi Invio per fare refresh...
08/01/2017 18:26:32: ***** Evento ricevuto: JADA_EVT_REQUESTS_LIST
08/01/2017 18:26:32: Ricevuta lista tramite lo stream 14.
08/01/2017 18:26:32:       Premi Invio per fare refresh...
08/01/2017 18:26:33: ***** Evento ricevuto: JADA_EVT_REQUESTS_LIST
08/01/2017 18:26:33: Ricevuta lista tramite lo stream 15.
08/01/2017 18:26:33:       Premi Invio per fare refresh...
08/01/2017 18:26:33: ***** Evento ricevuto: JADA_EVT_REQUESTS_LIST
08/01/2017 18:26:33: Ricevuta lista tramite lo stream 16.
08/01/2017 18:26:33:       Premi Invio per fare refresh...
08/01/2017 18:26:34: ***** Evento ricevuto: JADA_EVT_REQUESTS_LIST
08/01/2017 18:26:34: Ricevuta lista tramite lo stream 17.
08/01/2017 18:26:34:       Premi Invio per fare refresh...
08/01/2017 18:26:36: Processo terminato
08/01/2017 18:26:36: Processo terminato
*************************************************
08/01/2017 18:27:15: Processo manager attivato su RALESCHUW1
08/01/2017 18:27:16: c:\jada\src\jadalib\libtcp.c, 130: Errore generico
08/01/2017 18:27:16: c:\jada\src\jadalib\libtcp.c, 499: Errore nella connessione alla porta remota (direct)
08/01/2017 18:27:16: c:\jada\src\jadalib\libconnection.c, 251: Errore generico
08/01/2017 18:27:16: c:\jada\src\manager\callback.c, 66: errore generico
08/01/2017 18:27:16: c:\jada\src\manager\main.c, 68: errore nella connessione al server
08/01/2017 18:27:23: Processo terminato
08/01/2017 18:27:23: Processo terminato
*************************************************
08/01/2017 18:27:33: Processo manager attivato su RALESCHUW1
08/01/2017 18:27:33: ***** Evento ricevuto: JADA_EVT_CONNECTION_CONNECTED
08/01/2017 18:27:33:       La connessione 0 e' stata connessa il 08/01/2017 18:27:33
08/01/2017 18:27:33:       Premi Invio per fare refresh...
08/01/2017 18:27:33: Connessione terminata correttamente.
08/01/2017 18:27:33: ***** Evento ricevuto: JADA_EVT_CONNECTION_OPENED
08/01/2017 18:27:33:       La connessione 0 e' stata aperta il 08/01/2017 18:27:33
08/01/2017 18:27:33:       Premi Invio per fare refresh...
08/01/2017 18:27:33: ***** Evento ricevuto: JADA_EVT_LIST_COUNTERS
08/01/2017 18:27:33:       Ci sono attualmente 2 richieste in coda (5 totali), 0 richieste pendenti (0 totali).
08/01/2017 18:27:33:       Premi Invio per fare refresh...
08/01/2017 18:27:39: ***** Evento ricevuto: JADA_EVT_REQUESTS_LIST
08/01/2017 18:27:39: Ricevuta lista tramite lo stream 1.
08/01/2017 18:27:39:       Premi Invio per fare refresh...
08/01/2017 18:27:47: ***** Evento ricevuto: JADA_EVT_REQUESTS_LIST
08/01/2017 18:27:47: Ricevuta lista tramite lo stream 2.
08/01/2017 18:27:47:       Premi Invio per fare refresh...
08/01/2017 18:28:07: ***** Evento ricevuto: JADA_EVT_REQUESTS_LIST
08/01/2017 18:28:07: Ricevuta lista tramite lo stream 3.
08/01/2017 18:28:07:       Premi Invio per fare refresh...
08/01/2017 18:28:14: ***** Evento ricevuto: JADA_EVT_REQUESTS_LIST
08/01/2017 18:28:14: Ricevuta lista tramite lo stream 4.
08/01/2017 18:28:14:       Premi Invio per fare refresh...
08/01/2017 18:28:42: ***** Evento ricevuto: JADA_EVT_REQUESTS_LIST
08/01/2017 18:28:42: Ricevuta lista tramite lo stream 5.
08/01/2017 18:28:42:       Premi Invio per fare refresh...
08/01/2017 18:28:46: Comando ricevuto non valido (93)
08/01/2017 18:28:46: ***** Evento ricevuto: JADA_EVT_LIST_COUNTERS
08/01/2017 18:28:46:       Ci sono attualmente 2 richieste in coda (5 totali), 0 richieste pendenti (0 totali).
08/01/2017 18:28:46:       Premi Invio per fare refresh...
08/01/2017 18:43:26: c:\jada\src\jadalib\libtcp.c, 707: errore in fase di lettura del messaggio
08/01/2017 18:43:26: c:\jada\src\jadalib\libthread.c, 430: Errore generico
08/01/2017 18:43:28: Processo terminato
08/01/2017 18:43:28: Processo terminato
*************************************************
08/01/2017 18:45:06: Processo manager attivato su RALESCHUW1
08/01/2017 18:45:06: ***** Evento ricevuto: JADA_EVT_CONNECTION_CONNECTED
08/01/2017 18:45:06:       La connessione 0 e' stata connessa il 08/01/2017 18:45:06
08/01/2017 18:45:06:       Premi Invio per fare refresh...
08/01/2017 18:45:06: Connessione terminata correttamente.
08/01/2017 18:45:06: ***** Evento ricevuto: JADA_EVT_CONNECTION_OPENED
08/01/2017 18:45:06:       La connessione 0 e' stata aperta il 08/01/2017 18:45:06
08/01/2017 18:45:06:       Premi Invio per fare refresh...
08/01/2017 18:45:06: ***** Evento ricevuto: JADA_EVT_LIST_COUNTERS
08/01/2017 18:45:06:       Ci sono attualmente 0 richieste in coda (0 totali), 2 richieste pendenti (5 totali).
08/01/2017 18:45:06:       Premi Invio per fare refresh...
08/01/2017 18:45:12: ***** Evento ricevuto: JADA_EVT_REQUESTS_LIST
08/01/2017 18:45:12: Ricevuta lista tramite lo stream 1.
08/01/2017 18:45:12:       Premi Invio per fare refresh...
08/01/2017 18:45:19: ***** Evento ricevuto: JADA_EVT_REQUESTS_LIST
08/01/2017 18:45:19: Ricevuta lista tramite lo stream 2.
08/01/2017 18:45:19:       Premi Invio per fare refresh...
08/01/2017 18:45:25: ***** Evento ricevuto: JADA_EVT_REQUESTS_LIST
08/01/2017 18:45:25: Ricevuta lista tramite lo stream 3.
08/01/2017 18:45:25:       Premi Invio per fare refresh...
08/01/2017 18:45:30: ***** Evento ricevuto: JADA_EVT_REQUESTS_LIST
08/01/2017 18:45:30: Ricevuta lista tramite lo stream 4.
08/01/2017 18:45:30:       Premi Invio per fare refresh...
08/01/2017 18:45:36: ***** Evento ricevuto: JADA_EVT_LIST_COUNTERS
08/01/2017 18:45:36:       Ci sono attualmente 3 richieste in coda (6 totali), 0 richieste pendenti (0 totali).
08/01/2017 18:45:36:       Premi Invio per fare refresh...
08/01/2017 18:45:45: ***** Evento ricevuto: JADA_EVT_REQUESTS_LIST
08/01/2017 18:45:45: Ricevuta lista tramite lo stream 5.
08/01/2017 18:45:45:       Premi Invio per fare refresh...
08/01/2017 18:45:48: ***** Evento ricevuto: JADA_EVT_REQUESTS_LIST
08/01/2017 18:45:48: Ricevuta lista tramite lo stream 6.
08/01/2017 18:45:48:       Premi Invio per fare refresh...
08/01/2017 18:45:51: Processo terminato
08/01/2017 18:45:51: Processo terminato
*************************************************
08/01/2017 19:39:24: Processo manager attivato su RALESCHUW1
08/01/2017 19:39:25: c:\jada\src\jadalib\libtcp.c, 130: Errore generico
08/01/2017 19:39:25: c:\jada\src\jadalib\libtcp.c, 499: Errore nella connessione alla porta remota (direct)
08/01/2017 19:39:25: c:\jada\src\jadalib\libconnection.c, 251: Errore generico
08/01/2017 19:39:27: Processo terminato
*************************************************
08/01/2017 19:40:08: Processo manager attivato su RALESCHUW1
08/01/2017 19:40:10: Aggiornamento di contatori: totali 3/6, pending 3/6

08/01/2017 19:41:49: Processo terminato
*************************************************
17/01/2017 11:10:32: Processo manager attivato su RALESCHUW1
17/01/2017 11:10:34: Aggiornamento di contatori: totali 0/0, pending 0/0

17/01/2017 11:10:48: Aggiornamento di contatori: totali 0/0, pending 0/0

17/01/2017 11:11:02: Aggiornamento di contatori: totali 0/0, pending 0/0

17/01/2017 11:11:05: Processo terminato
*************************************************
17/01/2017 11:12:21: Processo manager attivato su RALESCHUW1
17/01/2017 11:12:26: Aggiornamento di contatori: totali 0/0, pending 0/0

17/01/2017 11:12:39: Aggiornamento di contatori: totali 0/0, pending 0/0

17/01/2017 11:12:55: Aggiornamento di contatori: totali 0/0, pending 0/0

17/01/2017 11:12:57: Processo terminato
*************************************************
17/01/2017 11:45:19: Processo manager attivato su RALESCHUW1
17/01/2017 11:45:21: Aggiornamento di contatori: totali 0/0, pending 0/0

17/01/2017 11:45:24: Aggiornamento di contatori: totali 0/0, pending 0/0

17/01/2017 11:45:35: Aggiornamento di contatori: totali 0/0, pending 0/0

17/01/2017 11:46:44: Aggiornamento di contatori: totali 0/0, pending 0/0

17/01/2017 11:47:16: Processo terminato
*************************************************
17/01/2017 11:47:32: Processo manager attivato su RALESCHUW1
17/01/2017 11:47:33: Aggiornamento di contatori: totali 0/0, pending 0/0

17/01/2017 11:47:42: Aggiornamento di contatori: totali 0/0, pending 0/0

17/01/2017 11:48:26: Aggiornamento di contatori: totali 0/0, pending 0/0

17/01/2017 11:56:23: Aggiornamento di contatori: totali 0/0, pending 0/0

17/01/2017 11:56:39: Processo terminato
*************************************************
17/01/2017 11:57:25: Processo manager attivato su RALESCHUW1
17/01/2017 11:57:27: Aggiornamento di contatori: totali 1/1, pending 1/1

17/01/2017 11:57:35: Aggiornamento di contatori: totali 0/0, pending 0/0

17/01/2017 11:57:35: Aggiornamento di contatori: totali 0/0, pending 0/0

17/01/2017 11:59:32: Aggiornamento di contatori: totali 1/1, pending 1/1

17/01/2017 11:59:45: Aggiornamento di contatori: totali 0/0, pending 0/0

17/01/2017 11:59:45: Aggiornamento di contatori: totali 0/0, pending 0/0

17/01/2017 12:02:08: Aggiornamento di contatori: totali 1/1, pending 1/1

17/01/2017 12:02:20: Aggiornamento di contatori: totali 0/0, pending 0/0

17/01/2017 12:02:20: Aggiornamento di contatori: totali 0/0, pending 0/0

17/01/2017 12:04:27: Processo terminato
*************************************************
17/01/2017 12:07:40: Processo manager attivato su RALESCHUW1
17/01/2017 12:07:42: Aggiornamento di contatori: totali 0/0, pending 0/0

17/01/2017 12:07:51: Aggiornamento di contatori: totali 0/0, pending 0/0

17/01/2017 12:07:57: PING: 15 msecs
17/01/2017 12:08:00: Aggiornamento di contatori: totali 0/0, pending 0/0

17/01/2017 12:08:07: PING: 0 msecs
17/01/2017 12:08:17: PING: 0 msecs
17/01/2017 12:08:27: PING: 0 msecs
17/01/2017 12:08:37: PING: 0 msecs
17/01/2017 12:08:38: Ho lanciato il comando jadavncviewer.exe -proxy RALESCHUW1:5901 ID:0
17/01/2017 12:08:47: PING: 0 msecs
17/01/2017 12:08:57: PING: 1 msecs
17/01/2017 12:09:08: PING: 17 msecs
17/01/2017 12:09:18: PING: 3 msecs
17/01/2017 12:09:23: Ho lanciato il comando jadavncviewer.exe -proxy RALESCHUW1:5901 ID:0
17/01/2017 12:09:28: PING: 2 msecs
17/01/2017 12:09:38: PING: 4 msecs
17/01/2017 12:09:48: PING: 1 msecs
17/01/2017 12:09:51: Aggiornamento di contatori: totali 0/0, pending 0/0

17/01/2017 12:09:54: Processo terminato
*************************************************
17/01/2017 12:10:15: Processo manager attivato su RALESCHUW1
17/01/2017 12:10:17: Processo terminato
*************************************************
17/01/2017 12:44:07: Processo manager attivato su RALESCHUW1
17/01/2017 12:44:09: Aggiornamento di contatori: totali 0/0, pending 0/0

17/01/2017 12:44:26: Processo terminato
*************************************************
18/01/2017 22:43:41: Processo manager attivato su RALESCHUW1
18/01/2017 22:43:43: Aggiornamento di contatori: totali 0/0, pending 0/0

18/01/2017 22:43:54: Aggiornamento di contatori: totali 0/0, pending 0/0

18/01/2017 22:44:02: PING: 54 msecs
18/01/2017 22:44:03: Aggiornamento di contatori: totali 0/0, pending 0/0

18/01/2017 22:44:06: Ho lanciato il comando jadavncviewer.exe -proxy RALESCHUW1:5901 ID:0
18/01/2017 22:44:12: PING: 0 msecs
18/01/2017 22:44:22: PING: 0 msecs
18/01/2017 22:44:23: c:\jada\src\jadalib\libthread.c, 394: Il sender thread e' stato terminato
18/01/2017 22:44:24: Processo terminato
*************************************************
18/01/2017 22:49:29: Processo manager attivato su RALESCHUW1
18/01/2017 22:49:31: Aggiornamento di contatori: totali 0/0, pending 0/0

18/01/2017 22:49:38: Aggiornamento di contatori: totali 0/0, pending 0/0

18/01/2017 22:49:45: PING: 23 msecs
18/01/2017 22:49:47: Aggiornamento di contatori: totali 0/0, pending 0/0

18/01/2017 22:49:50: Ho lanciato il comando jadavncviewer.exe -proxy RALESCHUW1:5901 ID:9
18/01/2017 22:49:55: PING: 1 msecs
18/01/2017 22:50:05: PING: 0 msecs
18/01/2017 22:50:15: PING: 1 msecs
18/01/2017 22:50:25: PING: 1 msecs
18/01/2017 22:50:35: PING: 1 msecs
18/01/2017 22:50:45: PING: 1 msecs
18/01/2017 22:50:55: PING: 1 msecs
18/01/2017 22:51:05: PING: 0 msecs
18/01/2017 22:51:15: PING: 0 msecs
18/01/2017 22:51:25: PING: 0 msecs
18/01/2017 22:51:35: PING: 0 msecs
18/01/2017 22:51:45: PING: 0 msecs
18/01/2017 22:51:49: Processo terminato
*************************************************
18/01/2017 22:52:41: Processo manager attivato su RALESCHUW1
18/01/2017 22:52:43: Aggiornamento di contatori: totali 0/0, pending 0/0

18/01/2017 22:52:50: Aggiornamento di contatori: totali 0/0, pending 0/0

18/01/2017 22:52:57: PING: 8 msecs
18/01/2017 22:52:58: Aggiornamento di contatori: totali 0/0, pending 0/0

18/01/2017 22:53:04: Ho lanciato il comando jadavncviewer.exe -proxy RALESCHUW1:5901 ID:9
18/01/2017 22:53:07: PING: 0 msecs
18/01/2017 22:53:17: PING: 2 msecs
18/01/2017 22:53:27: PING: 1 msecs
18/01/2017 22:53:33: Ho lanciato il comando jadavncviewer.exe -proxy RALESCHUW1:5901 ID:9
18/01/2017 22:53:37: PING: 0 msecs
18/01/2017 22:53:43: Processo terminato
*************************************************
19/01/2017 10:13:00: Processo manager attivato su RALESCHUW1
19/01/2017 10:13:02: Aggiornamento di contatori: totali 0/0, pending 0/0

19/01/2017 10:13:32: Processo terminato
*************************************************
19/01/2017 10:19:30: Processo manager attivato su RALESCHUW1
19/01/2017 10:19:32: Aggiornamento di contatori: totali 0/0, pending 0/0

19/01/2017 10:19:37: Aggiornamento di contatori: totali 0/0, pending 0/0

19/01/2017 10:19:38: Processo terminato
*************************************************
19/01/2017 10:19:49: Processo manager attivato su RALESCHUW1
19/01/2017 10:19:50: Aggiornamento di contatori: totali 1/1, pending 1/1

19/01/2017 10:19:54: PING: 15 msecs
19/01/2017 10:19:55: Aggiornamento di contatori: totali 0/0, pending 0/0

19/01/2017 10:19:55: Aggiornamento di contatori: totali 0/0, pending 0/0

19/01/2017 10:20:04: PING: 0 msecs
19/01/2017 10:20:11: Processo terminato
*************************************************
19/01/2017 10:20:30: Processo manager attivato su RALESCHUW1
19/01/2017 10:20:32: Aggiornamento di contatori: totali 0/0, pending 0/0

19/01/2017 10:20:39: Aggiornamento di contatori: totali 0/0, pending 0/0

19/01/2017 10:20:47: PING: 16 msecs
19/01/2017 10:20:48: Aggiornamento di contatori: totali 0/0, pending 0/0

19/01/2017 10:21:48: c:\jada\src\jadalib\libtcp.c, 707: errore in fase di lettura del messaggio
19/01/2017 10:21:48: c:\jada\src\jadalib\libthread.c, 431: Errore generico
19/01/2017 10:21:52: ConnectionSenderThread e' stato chiuso.
19/01/2017 10:21:52: ConnectionReceiverThread e' stato chiuso.
19/01/2017 10:21:58: Processo terminato
*************************************************
19/01/2017 11:13:56: Processo manager attivato su RALESCHUW1
19/01/2017 11:13:58: Aggiornamento di contatori: totali 0/0, pending 0/0

19/01/2017 11:14:14: Aggiornamento di contatori: totali 0/0, pending 0/0

19/01/2017 11:14:17: PING: 31 msecs
19/01/2017 11:14:18: Aggiornamento di contatori: totali 0/0, pending 0/0

19/01/2017 11:14:22: Comando ricevuto non valido (116)
19/01/2017 11:14:40: Processo terminato
*************************************************
19/01/2017 11:16:43: Processo manager attivato su RALESCHUW1
19/01/2017 11:16:45: Aggiornamento di contatori: totali 0/0, pending 0/0

19/01/2017 11:16:55: Aggiornamento di contatori: totali 0/0, pending 0/0

19/01/2017 11:17:04: PING: 23 msecs
19/01/2017 11:17:07: Aggiornamento di contatori: totali 0/0, pending 0/0

19/01/2017 11:17:10: Processo terminato
*************************************************
19/01/2017 11:18:19: Processo manager attivato su RALESCHUW1
19/01/2017 11:18:20: Aggiornamento di contatori: totali 1/1, pending 1/1

19/01/2017 11:18:32: Aggiornamento di contatori: totali 0/0, pending 0/0

19/01/2017 11:18:32: Aggiornamento di contatori: totali 0/0, pending 0/0

19/01/2017 11:18:54: PING: 11786 msecs
19/01/2017 11:18:54: PING: 6965 msecs
19/01/2017 11:18:54: PING: 1958 msecs
19/01/2017 11:19:06: Processo terminato
*************************************************
19/01/2017 11:20:14: Processo manager attivato su RALESCHUW1
19/01/2017 11:20:15: Aggiornamento di contatori: totali 0/0, pending 0/0

19/01/2017 11:20:24: Aggiornamento di contatori: totali 0/0, pending 0/0

19/01/2017 11:20:31: PING: 7 msecs
19/01/2017 11:20:32: Aggiornamento di contatori: totali 0/0, pending 0/0

19/01/2017 11:20:36: Processo terminato
*************************************************
19/01/2017 11:23:13: Processo manager attivato su RALESCHUW1
19/01/2017 11:23:15: Aggiornamento di contatori: totali 0/0, pending 0/0

19/01/2017 11:23:22: Aggiornamento di contatori: totali 0/0, pending 0/0

19/01/2017 11:23:29: PING: 23 msecs
19/01/2017 11:23:31: Aggiornamento di contatori: totali 0/0, pending 0/0

19/01/2017 11:23:33: Processo terminato
*************************************************
19/01/2017 11:31:16: Processo manager attivato su RALESCHUW1
19/01/2017 11:31:25: Aggiornamento di contatori: totali 0/0, pending 0/0

19/01/2017 11:31:32: Aggiornamento di contatori: totali 0/0, pending 0/0

19/01/2017 11:31:36: PING: 15 msecs
19/01/2017 11:31:37: Aggiornamento di contatori: totali 0/0, pending 0/0

19/01/2017 11:31:40: Processo terminato
*************************************************
19/01/2017 11:31:50: Processo manager attivato su RALESCHUW1
19/01/2017 11:31:52: Aggiornamento di contatori: totali 1/1, pending 1/1

19/01/2017 11:31:58: Aggiornamento di contatori: totali 1/1, pending 1/1

19/01/2017 11:32:34: Processo terminato
*************************************************
19/01/2017 11:33:44: Processo manager attivato su RALESCHUW1
19/01/2017 11:33:46: Aggiornamento di contatori: totali 1/1, pending 1/1

19/01/2017 11:33:56: Processo terminato
*************************************************
19/01/2017 11:36:09: Processo manager attivato su RALESCHUW1
19/01/2017 11:36:10: Aggiornamento di contatori: totali 0/0, pending 0/0

19/01/2017 11:36:18: Aggiornamento di contatori: totali 0/0, pending 0/0

19/01/2017 11:36:22: PING: 15 msecs
19/01/2017 11:36:23: Aggiornamento di contatori: totali 0/0, pending 0/0

19/01/2017 11:36:25: Processo terminato
*************************************************
19/01/2017 11:36:30: Processo manager attivato su RALESCHUW1
19/01/2017 11:36:32: Aggiornamento di contatori: totali 1/1, pending 1/1

19/01/2017 11:49:23: Processo terminato
*************************************************
19/01/2017 12:17:54: Processo manager attivato su RALESCHUW1
19/01/2017 12:17:56: Aggiornamento di contatori: totali 0/0, pending 0/0

19/01/2017 12:18:55: c:\jada\src\jadalib\libtcp.c, 707: errore in fase di lettura del messaggio
19/01/2017 12:18:55: c:\jada\src\jadalib\libthread.c, 435: Errore generico
19/01/2017 12:18:58: ConnectionSenderThread e' stato chiuso.
19/01/2017 12:18:58: ConnectionReceiverThread e' stato chiuso.
19/01/2017 12:19:03: Processo terminato
*************************************************
19/01/2017 12:32:06: Processo manager attivato su RALESCHUW1
19/01/2017 12:32:07: Aggiornamento di contatori: totali 0/0, pending 0/0

19/01/2017 12:32:40: Aggiornamento di contatori: totali 0/0, pending 0/0

19/01/2017 12:36:00: Processo terminato
*************************************************
19/01/2017 12:36:39: Processo manager attivato su RALESCHUW1
19/01/2017 12:36:40: Aggiornamento di contatori: totali 0/0, pending 0/0

19/01/2017 12:37:18: Aggiornamento di contatori: totali 0/0, pending 0/0

19/01/2017 12:38:11: c:\jada\src\jadalib\message.c, 262: Payload troppo lungo per il buffer
19/01/2017 12:38:11: c:\jada\src\jadalib\message.c, 508: Errore nella lettura del payload di sessione
19/01/2017 12:38:11: c:\jada\src\jadalib\libhandler.c, 1138: errore nella lettura del payload
19/01/2017 12:38:11: c:\jada\src\jadalib\libthread.c, 95: errore generico
19/01/2017 12:38:11: Comando ricevuto di sessione non valido (109)
19/01/2017 12:38:11: Aggiornamento di contatori: totali 0/0, pending 0/0

19/01/2017 12:48:27: c:\jada\src\jadalib\libtcp.c, 707: errore in fase di lettura del messaggio
19/01/2017 12:48:27: c:\jada\src\jadalib\libthread.c, 435: Errore generico
19/01/2017 12:48:28: ConnectionSenderThread e' stato chiuso.
19/01/2017 12:48:28: ConnectionReceiverThread e' stato chiuso.
19/01/2017 12:48:36: Processo terminato
*************************************************
19/01/2017 13:43:33: Processo manager attivato su RALESCHUW1
19/01/2017 13:43:34: Aggiornamento di contatori: totali 0/0, pending 0/0

19/01/2017 13:44:46: Aggiornamento di contatori: totali 0/0, pending 0/0

19/01/2017 13:44:46: PING: 3539 msecs
19/01/2017 13:44:49: PING: 0 msecs
19/01/2017 13:44:59: PING: 0 msecs
19/01/2017 13:45:35: PING: 8 msecs
19/01/2017 13:45:37: Aggiornamento di contatori: totali 0/0, pending 0/0

19/01/2017 13:45:45: PING: 0 msecs
19/01/2017 13:45:55: PING: 0 msecs
19/01/2017 13:46:05: PING: 0 msecs
19/01/2017 13:46:14: Processo terminato
*************************************************
19/01/2017 15:57:31: Processo manager attivato su RALESCHUW1
19/01/2017 15:57:43: Aggiornamento di contatori: totali 0/0, pending 0/0

19/01/2017 15:57:46: Aggiornamento di contatori: totali 0/0, pending 0/0

19/01/2017 15:57:59: c:\jada\src\jadalib\libtcp.c, 707: errore in fase di lettura del messaggio
19/01/2017 15:57:59: c:\jada\src\jadalib\libthread.c, 431: Errore generico
19/01/2017 15:57:59: ConnectionSenderThread e' stato chiuso.
19/01/2017 15:58:00: ConnectionReceiverThread e' stato chiuso.
19/01/2017 15:58:05: Processo terminato
*************************************************
19/01/2017 17:28:30: Processo manager attivato su RALESCHUW1
19/01/2017 17:28:41: Aggiornamento di contatori: totali 0/0, pending 0/0

19/01/2017 17:28:43: PING: 15 msecs
19/01/2017 17:28:44: Aggiornamento di contatori: totali 0/0, pending 0/0

19/01/2017 17:28:53: PING: 0 msecs
19/01/2017 17:29:03: PING: 0 msecs
19/01/2017 17:29:13: PING: 0 msecs
19/01/2017 17:29:23: PING: 0 msecs
19/01/2017 17:29:33: PING: 0 msecs
19/01/2017 17:29:43: PING: 0 msecs
19/01/2017 17:29:50: Aggiornamento di contatori: totali 1/1, pending 1/1

19/01/2017 17:30:03: PING: 0 msecs
19/01/2017 17:30:04: Aggiornamento di contatori: totali 0/0, pending 0/0

19/01/2017 17:30:04: Aggiornamento di contatori: totali 0/0, pending 0/0

19/01/2017 17:30:13: PING: 0 msecs
19/01/2017 17:30:23: PING: 0 msecs
19/01/2017 17:30:25: Processo terminato
*************************************************
19/01/2017 17:30:28: Processo manager attivato su RALESCHUW1
19/01/2017 17:30:35: Processo terminato
*************************************************
19/01/2017 17:32:46: Processo manager attivato su RALESCHUW1
19/01/2017 17:32:47: Aggiornamento di contatori: totali 0/0, pending 0/0

19/01/2017 17:32:49: PING: 0 msecs
19/01/2017 17:32:57: Aggiornamento di contatori: totali 0/0, pending 0/0

19/01/2017 17:32:59: Processo terminato
*************************************************
19/01/2017 17:34:07: Processo manager attivato su RALESCHUW1
19/01/2017 17:34:09: Aggiornamento di contatori: totali 0/0, pending 0/0

19/01/2017 17:37:35: c:\jada\src\jadalib\libtcp.c, 707: errore in fase di lettura del messaggio
19/01/2017 17:37:35: c:\jada\src\jadalib\libthread.c, 431: Errore generico
19/01/2017 17:37:36: ConnectionSenderThread e' stato chiuso.
19/01/2017 17:37:36: ConnectionReceiverThread e' stato chiuso.
19/01/2017 17:37:52: Processo terminato
*************************************************
19/01/2017 17:38:19: Processo manager attivato su RALESCHUW1
19/01/2017 17:38:22: Aggiornamento di contatori: totali 0/0, pending 0/0

19/01/2017 17:38:45: PING: 15 msecs
19/01/2017 17:38:50: Aggiornamento di contatori: totali 0/0, pending 0/0

19/01/2017 17:38:55: PING: 0 msecs
19/01/2017 17:39:05: PING: 0 msecs
19/01/2017 17:39:15: PING: 0 msecs
19/01/2017 17:39:25: PING: 0 msecs
19/01/2017 17:39:30: Processo terminato
*************************************************
19/01/2017 17:42:53: Processo manager attivato su RALESCHUW1
19/01/2017 17:42:58: Aggiornamento di contatori: totali 0/0, pending 0/0

19/01/2017 17:43:31: Processo terminato
*************************************************
19/01/2017 17:47:35: Processo manager attivato su RALESCHUW1
19/01/2017 17:47:42: Aggiornamento di contatori: totali 0/0, pending 0/0

19/01/2017 17:47:44: PING: 23 msecs
19/01/2017 17:47:45: Aggiornamento di contatori: totali 0/0, pending 0/0

19/01/2017 17:47:54: PING: 0 msecs
19/01/2017 17:48:04: PING: 0 msecs
19/01/2017 17:48:08: Processo terminato
*************************************************
19/01/2017 18:07:10: Processo manager attivato su RALESCHUW1
19/01/2017 18:07:12: Aggiornamento di contatori: totali 0/0, pending 0/0

19/01/2017 18:07:53: Aggiornamento di contatori: totali 1/1, pending 1/1

19/01/2017 18:08:36: Processo terminato
*************************************************
19/01/2017 18:43:53: Processo manager attivato su RALESCHUW1
19/01/2017 18:43:54: Aggiornamento di contatori: totali 0/0, pending 0/0

19/01/2017 18:43:58: Aggiornamento di contatori: totali 0/0, pending 0/0

19/01/2017 18:45:03: Aggiornamento di contatori: totali 0/0, pending 0/0

19/01/2017 18:45:09: PING: 15 msecs
19/01/2017 18:45:11: Aggiornamento di contatori: totali 0/0, pending 0/0

19/01/2017 18:45:19: PING: 0 msecs
19/01/2017 18:45:29: PING: 0 msecs
19/01/2017 18:45:39: PING: 0 msecs
19/01/2017 18:45:49: PING: 0 msecs
19/01/2017 18:45:55: Processo terminato
*************************************************
19/01/2017 18:56:38: Processo manager attivato su RALESCHUW1
19/01/2017 18:56:39: Aggiornamento di contatori: totali 0/0, pending 0/0

19/01/2017 18:56:41: PING: 0 msecs
19/01/2017 18:56:43: Aggiornamento di contatori: totali 0/0, pending 0/0

19/01/2017 18:56:51: PING: 0 msecs
19/01/2017 18:57:01: PING: 0 msecs
19/01/2017 18:57:11: PING: 0 msecs
19/01/2017 18:57:21: PING: 0 msecs
19/01/2017 18:57:51: Processo terminato
*************************************************
19/01/2017 19:07:22: Processo manager attivato su RALESCHUW1
19/01/2017 19:07:24: Aggiornamento di contatori: totali 0/0, pending 0/0

19/01/2017 19:07:33: Aggiornamento di contatori: totali 0/0, pending 0/0

19/01/2017 19:07:40: PING: 23 msecs
19/01/2017 19:07:42: Aggiornamento di contatori: totali 0/0, pending 0/0

19/01/2017 19:07:50: PING: 0 msecs
19/01/2017 19:08:00: PING: 0 msecs
19/01/2017 19:08:12: Processo terminato
*************************************************
22/01/2017 17:25:23: Processo manager attivato su RALESCHUW1
22/01/2017 17:25:25: Aggiornamento di contatori: totali 1/1, pending 1/1

22/01/2017 17:25:30: PING: 15 msecs
22/01/2017 17:25:32: Aggiornamento di contatori: totali 0/0, pending 0/0

22/01/2017 17:25:32: Aggiornamento di contatori: totali 0/0, pending 0/0

22/01/2017 17:25:40: PING: 0 msecs
22/01/2017 17:25:50: PING: 0 msecs
22/01/2017 17:26:00: PING: 0 msecs
22/01/2017 17:26:10: PING: 0 msecs
22/01/2017 17:26:20: PING: 0 msecs
22/01/2017 17:26:30: PING: 0 msecs
22/01/2017 17:26:35: Ho lanciato il comando jadavncviewer.exe -proxy RALESCHUW1:5901 ID:4
22/01/2017 17:26:40: PING: 0 msecs
22/01/2017 17:31:06: c:\jada\src\jadalib\communication.c, 111: Zero bytes disponibili nella recv dal socket 836.
22/01/2017 17:31:06: c:\jada\src\jadalib\libtcp.c, 707: errore in fase di lettura del messaggio
22/01/2017 17:31:06: c:\jada\src\jadalib\libthread.c, 431: Errore generico
22/01/2017 17:31:09: Processo terminato
*************************************************
22/01/2017 17:32:06: Processo manager attivato su RALESCHUW1
22/01/2017 17:32:08: Aggiornamento di contatori: totali 1/1, pending 1/1

22/01/2017 17:32:12: PING: 23 msecs
22/01/2017 17:32:13: Aggiornamento di contatori: totali 0/0, pending 0/0

22/01/2017 17:32:13: Aggiornamento di contatori: totali 0/0, pending 0/0

22/01/2017 17:32:22: PING: 0 msecs
22/01/2017 17:32:32: PING: 0 msecs
22/01/2017 17:32:32: Ho lanciato il comando jadavncviewer.exe -proxy RALESCHUW1:5901 ID:5
22/01/2017 17:32:42: PING: 2 msecs
22/01/2017 17:33:37: Aggiornamento di contatori: totali 0/0, pending 0/0

22/01/2017 17:33:56: Aggiornamento di contatori: totali 0/0, pending 0/0

22/01/2017 17:34:01: PING: 8 msecs
22/01/2017 17:34:03: Aggiornamento di contatori: totali 0/0, pending 0/0

22/01/2017 17:34:10: Ho lanciato il comando jadavncviewer.exe -proxy RALESCHUW1:5901 ID:1
22/01/2017 17:34:11: PING: 0 msecs
22/01/2017 17:34:21: PING: 0 msecs
22/01/2017 17:34:34: Aggiornamento di contatori: totali 0/0, pending 0/0

22/01/2017 17:34:43: Aggiornamento di contatori: totali 0/0, pending 0/0

22/01/2017 17:34:52: PING: 15 msecs
22/01/2017 17:34:54: Aggiornamento di contatori: totali 0/0, pending 0/0

22/01/2017 17:34:59: Processo terminato
*************************************************
22/01/2017 17:35:09: Processo manager attivato su RALESCHUW1
22/01/2017 17:35:11: Aggiornamento di contatori: totali 0/0, pending 0/0

22/01/2017 17:35:12: PING: 0 msecs
22/01/2017 17:35:13: Aggiornamento di contatori: totali 0/0, pending 0/0

22/01/2017 17:35:19: Ho lanciato il comando jadavncviewer.exe -proxy RALESCHUW1:5901 ID:3
22/01/2017 17:35:22: PING: 2 msecs
22/01/2017 17:35:32: PING: 1 msecs
22/01/2017 17:35:36: Aggiornamento di contatori: totali 0/0, pending 0/0

22/01/2017 17:35:41: Processo terminato
*************************************************
23/01/2017 14:57:35: Processo manager attivato su JADA
23/01/2017 15:00:58: Processo terminato
