.\dbg\patch-starter.bsc
.\dbg\patch-starter.pdb
C:\jada\src\patch-exec\.\dbg\patch-starter.exe
C:\jada\src\patch-exec\.\dbg\patch-starter.exe.intermediate.manifest
C:\jada\src\patch-exec\dbg\BscMake.command.1.tlog
C:\jada\src\patch-exec\dbg\bscmake.read.1.tlog
C:\jada\src\patch-exec\dbg\bscmake.write.1.tlog
C:\jada\src\patch-exec\dbg\cl.command.1.tlog
C:\jada\src\patch-exec\dbg\CL.read.1.tlog
C:\jada\src\patch-exec\dbg\CL.write.1.tlog
C:\jada\src\patch-exec\dbg\JADA patch-starter program.write.1.tlog
C:\jada\src\patch-exec\dbg\link.command.1.tlog
C:\jada\src\patch-exec\dbg\link.read.1.tlog
C:\jada\src\patch-exec\dbg\link.write.1.tlog
C:\JADA\SRC\PATCH-EXEC\DBG\MAIN.OBJ
C:\JADA\SRC\PATCH-EXEC\DBG\MAIN.SBR
C:\jada\src\patch-exec\dbg\mt.command.1.tlog
C:\jada\src\patch-exec\dbg\mt.read.1.tlog
C:\jada\src\patch-exec\dbg\mt.write.1.tlog
C:\JADA\SRC\PATCH-EXEC\DBG\PATCH-STARTER.BSC
C:\JADA\SRC\PATCH-EXEC\DBG\PATCH-STARTER.EXE
C:\JADA\SRC\PATCH-EXEC\DBG\PATCH-STARTER.EXE.INTERMEDIATE.MANIFEST
C:\JADA\SRC\PATCH-EXEC\DBG\PATCH-STARTER.PDB
C:\jada\src\patch-exec\dbg\vc100.idb
C:\JADA\SRC\PATCH-EXEC\DBG\VC100.PDB
