C:\JADA\SRC\SERVER\DBG\CALLBACK.OBJ
C:\JADA\SRC\SERVER\DBG\CALLBACK.SBR
C:\jada\src\server\dbg\cl.command.1.tlog
C:\jada\src\server\dbg\CL.read.1.tlog
C:\jada\src\server\dbg\CL.write.1.tlog
C:\JADA\SRC\SERVER\DBG\COMMON.OBJ
C:\JADA\SRC\SERVER\DBG\COMMON.SBR
C:\JADA\SRC\SERVER\DBG\COMMUNICATION.OBJ
C:\JADA\SRC\SERVER\DBG\COMMUNICATION.SBR
C:\JADA\SRC\SERVER\DBG\DATABASE.OBJ
C:\JADA\SRC\SERVER\DBG\DATABASE.SBR
C:\JADA\SRC\SERVER\DBG\FTP-HANDLER.OBJ
C:\JADA\SRC\SERVER\DBG\FTP-HANDLER.SBR
C:\JADA\SRC\SERVER\DBG\FTP-LOG.OBJ
C:\JADA\SRC\SERVER\DBG\FTP-LOG.SBR
C:\JADA\SRC\SERVER\DBG\HANDLER.SBR
C:\jada\src\server\dbg\JADA server program.write.1.tlog
C:\JADA\SRC\SERVER\DBG\LIST.OBJ
C:\JADA\SRC\SERVER\DBG\LIST.SBR
C:\JADA\SRC\SERVER\DBG\LOG.OBJ
C:\JADA\SRC\SERVER\DBG\LOG.SBR
C:\JADA\SRC\SERVER\DBG\MAIN.OBJ
C:\JADA\SRC\SERVER\DBG\MAIN.SBR
C:\JADA\SRC\SERVER\DBG\MEDIA-HANDLER.OBJ
C:\JADA\SRC\SERVER\DBG\MEDIA-HANDLER.SBR
C:\JADA\SRC\SERVER\DBG\MEDIA-LOG.OBJ
C:\JADA\SRC\SERVER\DBG\MEDIA-LOG.SBR
C:\JADA\SRC\SERVER\DBG\MESSAGE.OBJ
C:\JADA\SRC\SERVER\DBG\MESSAGE.SBR
C:\JADA\SRC\SERVER\DBG\OBJECTS.OBJ
C:\JADA\SRC\SERVER\DBG\OBJECTS.SBR
C:\jada\src\server\dbg\server.vcxprojResolveAssemblyReference.cache
C:\JADA\SRC\SERVER\DBG\SUPP-HANDLER.SBR
C:\JADA\SRC\SERVER\DBG\TCP.OBJ
C:\JADA\SRC\SERVER\DBG\TCP.SBR
C:\JADA\SRC\SERVER\DBG\THREAD.OBJ
C:\JADA\SRC\SERVER\DBG\THREAD.SBR
C:\jada\src\server\dbg\vc100.idb
C:\JADA\SRC\SERVER\DBG\VC100.PDB
C:\JADA\SRC\SERVER\DBG\VNC-HANDLER.OBJ
C:\JADA\SRC\SERVER\DBG\VNC-HANDLER.SBR
C:\JADA\SRC\SERVER\DBG\VNC-LOG.OBJ
C:\JADA\SRC\SERVER\DBG\VNC-LOG.SBR
