.\dbg\server-support.bsc
.\dbg\server-support.pdb
C:\jada\src\server-support\.\dbg\server-support.exe
C:\jada\src\server-support\.\dbg\server-support.exe.intermediate.manifest
C:\jada\src\server-support\dbg\BscMake.command.1.tlog
C:\jada\src\server-support\dbg\bscmake.read.1.tlog
C:\jada\src\server-support\dbg\bscmake.write.1.tlog
C:\jada\src\server-support\dbg\cl.command.1.tlog
C:\jada\src\server-support\dbg\CL.read.1.tlog
C:\jada\src\server-support\dbg\CL.write.1.tlog
C:\JADA\SRC\SERVER-SUPPORT\DBG\COMMON.OBJ
C:\JADA\SRC\SERVER-SUPPORT\DBG\COMMON.SBR
C:\JADA\SRC\SERVER-SUPPORT\DBG\COMMUNICATION.OBJ
C:\JADA\SRC\SERVER-SUPPORT\DBG\COMMUNICATION.SBR
C:\JADA\SRC\SERVER-SUPPORT\DBG\DATABASE.OBJ
C:\JADA\SRC\SERVER-SUPPORT\DBG\DATABASE.SBR
C:\JADA\SRC\SERVER-SUPPORT\DBG\HANDLER.OBJ
C:\JADA\SRC\SERVER-SUPPORT\DBG\HANDLER.SBR
C:\jada\src\server-support\dbg\JADA support server program.write.1.tlog
C:\jada\src\server-support\dbg\link.command.1.tlog
C:\jada\src\server-support\dbg\link.read.1.tlog
C:\jada\src\server-support\dbg\link.write.1.tlog
C:\JADA\SRC\SERVER-SUPPORT\DBG\LIST.OBJ
C:\JADA\SRC\SERVER-SUPPORT\DBG\LIST.SBR
C:\JADA\SRC\SERVER-SUPPORT\DBG\LOG.OBJ
C:\JADA\SRC\SERVER-SUPPORT\DBG\LOG.SBR
C:\JADA\SRC\SERVER-SUPPORT\DBG\MAIN.OBJ
C:\JADA\SRC\SERVER-SUPPORT\DBG\MAIN.SBR
C:\JADA\SRC\SERVER-SUPPORT\DBG\MESSAGE.OBJ
C:\JADA\SRC\SERVER-SUPPORT\DBG\MESSAGE.SBR
C:\jada\src\server-support\dbg\mt.command.1.tlog
C:\jada\src\server-support\dbg\mt.read.1.tlog
C:\jada\src\server-support\dbg\mt.write.1.tlog
C:\JADA\SRC\SERVER-SUPPORT\DBG\OBJECTS.OBJ
C:\JADA\SRC\SERVER-SUPPORT\DBG\OBJECTS.SBR
C:\JADA\SRC\SERVER-SUPPORT\DBG\SERVER-SUPPORT.BSC
C:\JADA\SRC\SERVER-SUPPORT\DBG\SERVER-SUPPORT.EXE
C:\JADA\SRC\SERVER-SUPPORT\DBG\SERVER-SUPPORT.EXE.INTERMEDIATE.MANIFEST
C:\jada\src\server-support\dbg\server-support.exp
C:\jada\src\server-support\dbg\server-support.lib
C:\JADA\SRC\SERVER-SUPPORT\DBG\SERVER-SUPPORT.PDB
C:\jada\src\server-support\dbg\server-support.vcxprojResolveAssemblyReference.cache
C:\JADA\SRC\SERVER-SUPPORT\DBG\SUPP-CALLBACK.OBJ
C:\JADA\SRC\SERVER-SUPPORT\DBG\SUPP-CALLBACK.SBR
C:\JADA\SRC\SERVER-SUPPORT\DBG\SUPP-HANDLER.OBJ
C:\JADA\SRC\SERVER-SUPPORT\DBG\SUPP-HANDLER.SBR
C:\JADA\SRC\SERVER-SUPPORT\DBG\SUPP-OBJECTS.OBJ
C:\JADA\SRC\SERVER-SUPPORT\DBG\SUPP-OBJECTS.SBR
C:\JADA\SRC\SERVER-SUPPORT\DBG\TCP.OBJ
C:\JADA\SRC\SERVER-SUPPORT\DBG\TCP.SBR
C:\JADA\SRC\SERVER-SUPPORT\DBG\THREAD.OBJ
C:\JADA\SRC\SERVER-SUPPORT\DBG\THREAD.SBR
C:\jada\src\server-support\dbg\vc100.idb
C:\JADA\SRC\SERVER-SUPPORT\DBG\VC100.PDB
